This is XeTeX, Version 3.14159265-2.6-0.99998 (TeX Live 2017/W32TeX) (preloaded format=xelatex 2017.10.24)  25 OCT 2017 16:36
entering extended mode
 restricted \write18 enabled.
 %&-line parsing enabled.
**./chapter6.tex
(./chapter6.tex
LaTeX2e <2017-04-15>
Babel <3.14> and hyphenation patterns for 84 language(s) loaded.
! Undefined control sequence.
l.1 \chapter
            {总结}
The control sequence at the end of the top line
of your error message was never \def'ed. If you have
misspelled it (e.g., `\hobx'), type `I' and the correct
spelling (e.g., `I\hbox'). Otherwise just continue,
and I'll forget about whatever was undefined.


! LaTeX Error: Missing \begin{document}.

See the LaTeX manual or LaTeX Companion for explanation.
Type  H <return>  for immediate help.
 ...                                              
                                                  
l.1 \chapter{总
                结}
You're in trouble here.  Try typing  <return>  to proceed.
If that doesn't work, type  X <return>  to quit.

Missing character: There is no 总 in font nullfont!
Missing character: There is no 结 in font nullfont!
Missing character: There is no 自 in font nullfont!
Missing character: There is no 己 in font nullfont!
Missing character: There is no 的 in font nullfont!
Missing character: There is no 总 in font nullfont!
Missing character: There is no 结 in font nullfont!
Missing character: There is no ， in font nullfont!
Missing character: There is no 方 in font nullfont!
Missing character: There is no 法 in font nullfont!
Missing character: There is no 需 in font nullfont!
Missing character: There is no 要 in font nullfont!
Missing character: There is no 改 in font nullfont!
Missing character: There is no 进 in font nullfont!
Missing character: There is no 的 in font nullfont!
Missing character: There is no ， in font nullfont!
Missing character: There is no 以 in font nullfont!
Missing character: There is no 后 in font nullfont!
Missing character: There is no 的 in font nullfont!
Missing character: There is no 工 in font nullfont!
Missing character: There is no 作 in font nullfont!
)
! Emergency stop.
<*> ./chapter6.tex
                  
*** (job aborted, no legal \end found)

 
Here is how much of TeX's memory you used:
 4 strings out of 492994
 48 string characters out of 6137807
 61708 words of memory out of 5000000
 4088 multiletter control sequences out of 15000+600000
 3640 words of font info for 14 fonts, out of 8000000 for 9000
 1348 hyphenation exceptions out of 8191
 5i,0n,4p,36b,16s stack positions out of 5000i,500n,10000p,200000b,80000s
No pages of output.
