This is XeTeX, Version 3.1415926-2.2-0.9997.4 (MiKTeX 2.9) (preloaded format=xelatex 2018.4.20)  24 APR 2018 12:55
entering extended mode
**demo.tex
(C:\Users\zxs\Desktop\BIT-Thesis\ÕÅ¾§¾§\demo.tex
LaTeX2e <2009/09/24>
Babel <v3.8l> and hyphenation patterns for loaded.
(C:\Users\zxs\Desktop\BIT-Thesis\ÕÅ¾§¾§\BIT-thesis-grd.cls
(C:\CTEX\MiKTeX\tex\latex\ams\math\amsmath.sty
Package: amsmath 2000/07/18 v2.13 AMS math features
\@mathmargin=\skip41

For additional information on amsmath, use the `?' option.
(C:\CTEX\MiKTeX\tex\latex\ams\math\amstext.sty
Package: amstext 2000/06/29 v2.01

(C:\CTEX\MiKTeX\tex\latex\ams\math\amsgen.sty
File: amsgen.sty 1999/11/30 v2.0
\@emptytoks=\toks14
\ex@=\dimen102
))
(C:\CTEX\MiKTeX\tex\latex\ams\math\amsbsy.sty
Package: amsbsy 1999/11/29 v1.2d
\pmbraise@=\dimen103
)
(C:\CTEX\MiKTeX\tex\latex\ams\math\amsopn.sty
Package: amsopn 1999/12/14 v2.01 operator names
)
\inf@bad=\count80
LaTeX Info: Redefining \frac on input line 211.
\uproot@=\count81
\leftroot@=\count82
LaTeX Info: Redefining \overline on input line 307.
\classnum@=\count83
\DOTSCASE@=\count84
LaTeX Info: Redefining \ldots on input line 379.
LaTeX Info: Redefining \dots on input line 382.
LaTeX Info: Redefining \cdots on input line 467.
\Mathstrutbox@=\box26
\strutbox@=\box27
\big@size=\dimen104
LaTeX Font Info:    Redeclaring font encoding OML on input line 567.
LaTeX Font Info:    Redeclaring font encoding OMS on input line 568.
\macc@depth=\count85
\c@MaxMatrixCols=\count86
\dotsspace@=\muskip10
\c@parentequation=\count87
\dspbrk@lvl=\count88
\tag@help=\toks15
\row@=\count89
\column@=\count90
\maxfields@=\count91
\andhelp@=\toks16
\eqnshift@=\dimen105
\alignsep@=\dimen106
\tagshift@=\dimen107
\tagwidth@=\dimen108
\totwidth@=\dimen109
\lineht@=\dimen110
\@envbody=\toks17
\multlinegap=\skip42
\multlinetaggap=\skip43
\mathdisplay@stack=\toks18
LaTeX Info: Redefining \[ on input line 2666.
LaTeX Info: Redefining \] on input line 2667.
)
(C:\CTEX\MiKTeX\tex\latex\ams\classes\amsthm.sty
Package: amsthm 2004/08/06 v2.20
\thm@style=\toks19
\thm@bodyfont=\toks20
\thm@headfont=\toks21
\thm@notefont=\toks22
\thm@headpunct=\toks23
\thm@preskip=\skip44
\thm@postskip=\skip45
\thm@headsep=\skip46
\dth@everypar=\toks24
)
(C:\CTEX\MiKTeX\tex\latex\amsfonts\amsfonts.sty
Package: amsfonts 2009/06/22 v3.00 Basic AMSFonts support
\symAMSa=\mathgroup4
\symAMSb=\mathgroup5
LaTeX Font Info:    Overwriting math alphabet `\mathfrak' in version `bold'
(Font)                  U/euf/m/n --> U/euf/b/n on input line 96.
)
(C:\CTEX\MiKTeX\tex\latex\amsfonts\amssymb.sty
Package: amssymb 2009/06/22 v3.00
)
(C:\CTEX\MiKTeX\tex\latex\tools\bm.sty
Package: bm 2004/02/26 v1.1c Bold Symbol Support (DPC/FMi)
\symboldoperators=\mathgroup6
\symboldletters=\mathgroup7
\symboldsymbols=\mathgroup8
LaTeX Font Info:    Redeclaring math alphabet \mathbf on input line 138.
LaTeX Info: Redefining \bm on input line 204.
)
(C:\CTEX\MiKTeX\tex\latex\jknappen\mathrsfs.sty
Package: mathrsfs 1996/01/01 Math RSFS package v1.0 (jk)
\symrsfs=\mathgroup9
)
(C:\CTEX\MiKTeX\tex\latex\was\upgreek.sty
Package: upgreek 2003/02/12 v2.0 (WaS)
Package upgreek Info: Using Euler Roman for upright Greek on input line 31.
\symugrf@m=\mathgroup10
LaTeX Font Info:    Overwriting symbol font `ugrf@m' in version `bold'
(Font)                  U/eur/m/n --> U/eur/b/n on input line 38.
)
Document Class: BIT-thesis-grd 2017/09/01 v1.0 BIT-thesis-grd document class
(C:\CTEX\CTeX\tex\latex\ctex\ctexbook.cls
Document Class: ctexbook 2010/10/17 v1.02 ctexbook document class
(C:\CTEX\CTeX\tex\latex\ctex\opt\ctex-common-opts.def)
(C:\CTEX\CTeX\tex\latex\ctex\opt\ctex-caption-opts.def
\c@CTEX@sectiondepth=\count92
)
(C:\CTEX\CTeX\tex\latex\ctex\opt\ctex-class-opts.def)
(C:\CTEX\CTeX\tex\latex\ctex\cfg\ctexopts.cfg)
(C:\CTEX\CTeX\tex\latex\ctex\def\ctex-loadclass.def
(C:\CTEX\MiKTeX\tex\latex\base\book.cls
Document Class: book 2007/10/19 v1.4h Standard LaTeX document class
(C:\CTEX\MiKTeX\tex\latex\base\bk10.clo
File: bk10.clo 2007/10/19 v1.4h Standard LaTeX file (size option)
)
\c@part=\count93
\c@chapter=\count94
\c@section=\count95
\c@subsection=\count96
\c@subsubsection=\count97
\c@paragraph=\count98
\c@subparagraph=\count99
\c@figure=\count100
\c@table=\count101
\abovecaptionskip=\skip47
\belowcaptionskip=\skip48
\bibindent=\dimen111
))
(C:\CTEX\CTeX\tex\latex\ctex\def\ctex-common.def
(C:\CTEX\MiKTeX\tex\generic\oberdiek\ifpdf.sty
Package: ifpdf 2010/01/28 v2.1 Provides the ifpdf switch (HO)
Package ifpdf Info: pdfTeX in pdf mode not detected.
)
(C:\CTEX\MiKTeX\tex\generic\ifxetex\ifxetex.sty
Package: ifxetex 2010/09/12 v0.6 Provides ifxetex conditional
)
(C:\CTEX\MiKTeX\tex\latex\graphics\keyval.sty
Package: keyval 1999/03/16 v1.13 key=value parser (DPC)
\KV@toks@=\toks25
)
(C:\CTEX\MiKTeX\tex\latex\tools\indentfirst.sty
Package: indentfirst 1995/11/23 v1.03 Indent first paragraph (DPC)
)
(C:\CTEX\MiKTeX\tex\latex\base\fix-cm.sty
Package: fix-cm 2006/09/13 v1.1m fixes to LaTeX

(C:\CTEX\MiKTeX\tex\latex\base\ts1enc.def
File: ts1enc.def 2001/06/05 v3.0e (jk/car/fm) Standard LaTeX file
))
(C:\CTEX\CTeX\tex\latex\ctex\engine\ctex-xecjk-engine.def
(C:\CTEX\MiKTeX\tex\latex\savesym\savesym.sty

LaTeX Warning: You have requested package `savesym',
               but the package provides `savesymbol'.

Package: savesymbol 2003/06/01 v1.1 Saves and restores symbols
) (C:\CTEX\CTeX\tex\xelatex\xecjk\xeCJK.sty
Package: xeCJK 2010/11/20 2.3.17 package for typesetting CJK scripts with XeLaT
eX

(C:\CTEX\MiKTeX\tex\latex\fontspec\fontspec.sty
Package: fontspec 2010/11/17 v2.1e Advanced font selection for XeLaTeX/LuaLaTeX


(C:\CTEX\MiKTeX\tex\latex\expl3\expl3.sty
(C:\CTEX\MiKTeX\tex\latex\expl3\l3names.sty
Package: l3names 2010/10/03 v2064 L3 Experimental Naming Scheme for TeX Primiti
ves
)
Package: expl3 2010/11/13 v2083 L3 Experimental code bundle wrapper

(C:\CTEX\MiKTeX\tex\latex\misc\etex.sty
Package: etex 1998/03/26 v2.0 eTeX basic definition package (PEB)
\et@xins=\count102
)
(C:\CTEX\MiKTeX\tex\latex\expl3\l3basics.sty
Package: l3basics 2010/10/03 v2063 L3 Experimental basic definitions
)
(C:\CTEX\MiKTeX\tex\latex\expl3\l3expan.sty
Package: l3expan 2010/09/20 v2037 L3 Experimental Argument Expansion module
)
(C:\CTEX\MiKTeX\tex\latex\expl3\l3tl.sty
Package: l3tl 2010/11/17 v2084 L3 Experimental Token Lists
)
(C:\CTEX\MiKTeX\tex\latex\expl3\l3int.sty
Package: l3int 2010/10/17 v2077 L3 Experimental Integer module
\l_tmpa_int=\count103
\l_tmpb_int=\count104
\l_tmpc_int=\count105
\g_tmpa_int=\count106
\g_tmpb_int=\count107
\c_max_int=\count108
\g_tl_inline_level_int=\count109
)
(C:\CTEX\MiKTeX\tex\latex\expl3\l3quark.sty
Package: l3quark 2010/09/20 v2036 L3 Experimental Quark Commands
)
(C:\CTEX\MiKTeX\tex\latex\expl3\l3seq.sty
Package: l3seq 2010/03/29 v1879 L3 Experimental sequences and stacks
)
(C:\CTEX\MiKTeX\tex\latex\expl3\l3toks.sty
Package: l3toks 2010/09/20 v2037 L3 Experimental Token Registers
\l_tmpb_toks=\toks26
\l_tmpc_toks=\toks27
\g_tmpa_toks=\toks28
\g_tmpb_toks=\toks29
\g_tmpc_toks=\toks30
\c_empty_toks=\toks31
\l_tl_replace_toks=\toks32
)
(C:\CTEX\MiKTeX\tex\latex\expl3\l3prg.sty
Package: l3prg 2010/10/03 v2063 L3 Experimental control structures
\g_prg_inline_level_int=\count110
)
(C:\CTEX\MiKTeX\tex\latex\expl3\l3clist.sty
Package: l3clist 2010/10/09 v2071 L3 Experimental comma separated lists
\g_clist_map_inline_int=\count111
)
(C:\CTEX\MiKTeX\tex\latex\expl3\l3token.sty
Package: l3token 2010/10/03 v2063 L3 Experimental token investigation and manip
ulation
)
(C:\CTEX\MiKTeX\tex\latex\expl3\l3prop.sty
Package: l3prop 2010/11/23 v2087 L3 Experimental Property Lists
\g_prop_inline_level_int=\count112
)
(C:\CTEX\MiKTeX\tex\latex\expl3\l3msg.sty
Package: l3msg 2010/10/02 v2052 L3 Experimental LaTeX Messages module
\l_msg_redirect_classes_prop=\toks33
\l_msg_redirect_names_prop=\toks34
\l_msg_redirect_fatal_prop=\toks35
\l_msg_redirect_error_prop=\toks36
\l_msg_redirect_warning_prop=\toks37
\l_msg_redirect_info_prop=\toks38
\l_msg_redirect_log_prop=\toks39
\l_msg_redirect_trace_prop=\toks40
\l_msg_redirect_none_prop=\toks41
)
(C:\CTEX\MiKTeX\tex\latex\expl3\l3io.sty
Package: l3io 2010/10/03 v2063 L3 Experimental i/o module
\g_iow_streams_prop=\toks42
\g_ior_streams_prop=\toks43
\l_iow_stream_int=\count113
)
(C:\CTEX\MiKTeX\tex\latex\expl3\l3skip.sty
Package: l3skip 2010/11/23 v2088 L3 Experimental skip registers
\l_tmpa_skip=\skip49
\l_tmpb_skip=\skip50
\l_tmpc_skip=\skip51
\g_tmpa_skip=\skip52
\g_tmpb_skip=\skip53
\l_tmpa_dim=\dimen112
\l_tmpb_dim=\dimen113
\l_tmpc_dim=\dimen114
\l_tmpd_dim=\dimen115
\g_tmpa_dim=\dimen116
\g_tmpb_dim=\dimen117
)
(C:\CTEX\MiKTeX\tex\latex\expl3\l3box.sty
Package: l3box 2010/09/26 v2048 L3 Experimental Box module
\l_tmpb_box=\box28
)
(C:\CTEX\MiKTeX\tex\latex\expl3\l3keyval.sty
Package: l3keyval 2010/04/11 v1890 L3 Experimental keyval processing
\l_KV_level_int=\count114
)
(C:\CTEX\MiKTeX\tex\latex\expl3\l3keys.sty
Package: l3keys 2010/11/11 v2082 L3 Experimental key-value support
\l_keys_choice_int=\count115
)
(C:\CTEX\MiKTeX\tex\latex\expl3\l3precom.sty
Package: l3precom 2010/02/09 v1793 L3 Experimental precompilation module
\g_gen_sym_int=\count116
\g_ggen_sym_int=\count117
)
(C:\CTEX\MiKTeX\tex\latex\expl3\l3xref.sty
Package: l3xref 2010/02/09 v1786 L3 Experimental cross referencing
\g_xref_all_curr_immediate_fields_prop=\toks44
\g_xref_all_curr_deferred_fields_prop=\toks45
)
(C:\CTEX\MiKTeX\tex\latex\expl3\l3file.sty
Package: l3file 2010/03/21 v1853 L3 Experimental file loading
)
(C:\CTEX\MiKTeX\tex\latex\expl3\l3fp.sty
Package: l3fp 2010/11/25 v2092 L3 Experimental floating-point operations
\c_forty_four=\count118
\c_one_hundred=\count119
\c_one_thousand=\count120
\c_one_million=\count121
\c_one_hundred_million=\count122
\c_five_hundred_million=\count123
\c_one_thousand_million=\count124
\c_fp_pi_by_four_decimal_int=\count125
\c_fp_pi_by_four_extended_int=\count126
\c_fp_pi_decimal_int=\count127
\c_fp_pi_extended_int=\count128
\c_fp_two_pi_decimal_int=\count129
\c_fp_two_pi_extended_int=\count130
\l_fp_count_int=\count131
\l_fp_div_offset_int=\count132
\l_fp_input_a_sign_int=\count133
\l_fp_input_a_integer_int=\count134
\l_fp_input_a_decimal_int=\count135
\l_fp_input_a_exponent_int=\count136
\l_fp_input_b_sign_int=\count137
\l_fp_input_b_integer_int=\count138
\l_fp_input_b_decimal_int=\count139
\l_fp_input_b_exponent_int=\count140
\l_fp_input_a_extended_int=\count141
\l_fp_input_b_extended_int=\count142
\l_fp_mul_a_i_int=\count143
\l_fp_mul_a_ii_int=\count144
\l_fp_mul_a_iii_int=\count145
\l_fp_mul_a_iv_int=\count146
\l_fp_mul_a_v_int=\count147
\l_fp_mul_a_vi_int=\count148
\l_fp_mul_b_i_int=\count149
\l_fp_mul_b_ii_int=\count150
\l_fp_mul_b_iii_int=\count151
\l_fp_mul_b_iv_int=\count152
\l_fp_mul_b_v_int=\count153
\l_fp_mul_b_vi_int=\count154
\l_fp_mul_output_int=\count155
\l_fp_output_sign_int=\count156
\l_fp_output_integer_int=\count157
\l_fp_output_decimal_int=\count158
\l_fp_output_exponent_int=\count159
\l_fp_output_extended_int=\count160
\l_fp_round_position_int=\count161
\l_fp_round_target_int=\count162
\l_fp_split_sign_int=\count163
\l_fp_tmp_int=\count164
\l_fp_trig_octant_int=\count165
\l_fp_trig_sign_int=\count166
\l_fp_trig_decimal_int=\count167
\l_fp_trig_extended_int=\count168
\l_fp_tmp_dim=\dimen118
\l_fp_tmp_skip=\skip54
)
(C:\CTEX\MiKTeX\tex\latex\expl3\l3luatex.sty
Package: l3luatex 2010/07/18 v1985 L3 Experimental LuaTeX functions
\g_cctab_allocate_int=\count169
\g_cctab_stack_int=\count170
)
(C:\CTEX\MiKTeX\tex\latex\tools\calc.sty
Package: calc 2007/08/22 v4.3 Infix arithmetic (KKT,FJ)
\calc@Acount=\count171
\calc@Bcount=\count172
\calc@Adimen=\dimen119
\calc@Bdimen=\dimen120
\calc@Askip=\skip55
\calc@Bskip=\skip56
LaTeX Info: Redefining \setlength on input line 76.
LaTeX Info: Redefining \addtolength on input line 77.
\calc@Ccount=\count173
\calc@Cskip=\skip57
))
(C:\CTEX\MiKTeX\tex\latex\xpackages\xbase\xparse.sty
Package: xparse 2010/10/13 v2073 Generic document command parser
\c_xparse_shorthands_prop=\toks46
\l_xparse_m_args_int=\count174
\l_xparse_mandatory_args_int=\count175
\l_xparse_processor_int=\count176
\l_xparse_total_args_int=\count177
)
(C:\CTEX\MiKTeX\tex\generic\binhex\binhex.tex)
\l_fontspec_script_int=\count178
\l_fontspec_language_int=\count179
\l_fontspec_strnum_int=\count180
Variant \tl_gset:cV already defined; not changing it on line 79

(C:\CTEX\MiKTeX\tex\latex\xkeyval\xkeyval.sty
Package: xkeyval 2008/08/13 v2.6a package option processing (HA)

(C:\CTEX\MiKTeX\tex\generic\xkeyval\xkeyval.tex
\XKV@toks=\toks47
\XKV@tempa@toks=\toks48
\XKV@depth=\count181
File: xkeyval.tex 2008/08/13 v2.6a key=value parser (HA)
))
(C:\CTEX\MiKTeX\tex\latex\fontspec\fontspec-patches.sty
Package: fontspec-patches 2010/11/17 v2.1e Advanced font selection for XeLaTeX/
LuaLaTeX

(C:\CTEX\MiKTeX\tex\latex\base\fixltx2e.sty
Package: fixltx2e 2006/09/13 v1.1m fixes to LaTeX
LaTeX Info: Redefining \em on input line 420.
LaTeX Info: The control sequence `\[' is already robust on input line 471.
LaTeX Info: The control sequence `\]' is already robust on input line 472.
)
LaTeX Info: Redefining \em on input line 22.
LaTeX Info: Redefining \emph on input line 29.
LaTeX Info: Redefining \- on input line 32.
)
(C:\CTEX\MiKTeX\tex\latex\base\fontenc.sty
Package: fontenc 2005/09/27 v1.99g Standard LaTeX package

(C:\CTEX\MiKTeX\tex\latex\euenc\eu1enc.def
File: eu1enc.def 2010/05/27 v0.1h Experimental Unicode font encodings
)
LaTeX Font Info:    Try loading font information for EU1+lmr on input line 100.


(C:\CTEX\MiKTeX\tex\latex\euenc\eu1lmr.fd
File: eu1lmr.fd 2009/10/30 v1.6 Font defs for Latin Modern
)
Requested font "[lmroman10-regular]:mapping=tex-text" at 10.0pt
 -> C:/CTEX/MiKTeX/fonts/opentype/public/lm/lmroman10-regular.otf
)
(C:\CTEX\MiKTeX\tex\xelatex\xunicode\xunicode.sty
File: xunicode.sty 2010/11/06 v0.96 provides access to latin accents and many o
ther characters in Unicode lower plane
)
 LaTeX info: Defining document command \fontspec
(LaTeX)  with arg. spec. 'O{}m' on line 322.

 LaTeX info: Defining document command \setmainfont
(LaTeX)  with arg. spec. 'O{}m' on line 326.

 LaTeX info: Defining document command \setsansfont
(LaTeX)  with arg. spec. 'O{}m' on line 330.

 LaTeX info: Defining document command \setmonofont
(LaTeX)  with arg. spec. 'O{}m' on line 334.

 LaTeX info: Defining document command \setmathrm
(LaTeX)  with arg. spec. 'O{}m' on line 338.

 LaTeX info: Defining document command \setboldmathrm
(LaTeX)  with arg. spec. 'O{}m' on line 341.

 LaTeX info: Defining document command \setmathsf
(LaTeX)  with arg. spec. 'O{}m' on line 344.

 LaTeX info: Defining document command \setmathtt
(LaTeX)  with arg. spec. 'O{}m' on line 347.

 LaTeX info: Defining document command \newfontfamily
(LaTeX)  with arg. spec. 'mO{}m' on line 364.

 LaTeX info: Defining document command \newfontface
(LaTeX)  with arg. spec. 'mO{}m' on line 367.

 LaTeX info: Defining document command \defaultfontfeatures
(LaTeX)  with arg. spec. 'm' on line 370.

 LaTeX info: Defining document command \addfontfeatures
(LaTeX)  with arg. spec. 'm' on line 387.

 LaTeX info: Defining document command \newfontfeature
(LaTeX)  with arg. spec. 'mm' on line 394.

 LaTeX info: Defining document command \newAATfeature
(LaTeX)  with arg. spec. 'mmmm' on line 403.

 LaTeX info: Defining document command \newICUfeature
(LaTeX)  with arg. spec. 'mmm' on line 412.

 LaTeX info: Defining document command \aliasfontfeature
(LaTeX)  with arg. spec. 'mm' on line 414.

 LaTeX info: Defining document command \aliasfontfeatureoption
(LaTeX)  with arg. spec. 'mmm' on line 417.

 LaTeX info: Defining document command \newfontscript
(LaTeX)  with arg. spec. 'mm' on line 422.

 LaTeX info: Defining document command \newfontlanguage
(LaTeX)  with arg. spec. 'mm' on line 444.

 LaTeX info: Defining document command \DeclareFontsExtensions
(LaTeX)  with arg. spec. 'm' on line 461.

\c@fontspec_tmp_int=\count182
LaTeX Info: Redefining \itshape on input line 2071.
LaTeX Info: Redefining \slshape on input line 2075.
LaTeX Info: Redefining \scshape on input line 2079.
LaTeX Info: Redefining \upshape on input line 2083.

(C:\CTEX\MiKTeX\tex\latex\fontspec\fontspec.cfg))
\xeCJK@cnta=\count183
\xeCJK@cntb=\count184
\xeCJK@cntc=\count185
\xeCJK@cntd=\count186
\xeCJK@cnte=\count187
\xeCJK@dima=\dimen121
LaTeX Info: Redefining \normalfont on input line 807.
LaTeX Info: Redefining \rmfamily on input line 816.
LaTeX Info: Redefining \sffamily on input line 820.
LaTeX Info: Redefining \ttfamily on input line 824.
\xeCJK@featureadded=\count188
)
(C:\CTEX\CTeX\tex\latex\ctex\engine\ctex-cjk-common.def
\ccwd=\dimen122
)
(C:\CTEX\CTeX\tex\latex\ctex\fontset\ctex-xecjk-winfonts.def))
\CTEX@q=\count189
\CTEX@r=\count190
)
(C:\CTEX\CTeX\tex\latex\ctex\def\ctex-caption.def)
(C:\CTEX\CTeX\tex\latex\ctex\def\ctex-class.def
Requested font "[lmroman10-regular]:mapping=tex-text" at 10.54pt
 -> C:/CTEX/MiKTeX/fonts/opentype/public/lm/lmroman10-regular.otf
)
(C:\CTEX\CTeX\tex\latex\ctex\def\ctex-book.def))
(C:\CTEX\CTeX\tex\latex\ctex\def\ctex-utf8.def)
(C:\CTEX\CTeX\tex\latex\ctex\cfg\ctexcap.cfg
(C:\CTEX\CTeX\tex\latex\ctex\cfg\ctexcap-utf8.cfg))
(C:\CTEX\CTeX\tex\latex\ctex\cfg\ctex.cfg)
(C:\CTEX\MiKTeX\tex\latex\pgf\frontendlayer\tikz.sty
(C:\CTEX\MiKTeX\tex\latex\pgf\basiclayer\pgf.sty
(C:\CTEX\MiKTeX\tex\latex\pgf\utilities\pgfrcs.sty
(C:\CTEX\MiKTeX\tex\generic\pgf\utilities\pgfutil-common.tex
\pgfutil@everybye=\toks49
)
(C:\CTEX\MiKTeX\tex\generic\pgf\utilities\pgfutil-latex.def
\pgfutil@abb=\box29

(C:\CTEX\MiKTeX\tex\latex\ms\everyshi.sty
Package: everyshi 2001/05/15 v3.00 EveryShipout Package (MS)
))
(C:\CTEX\MiKTeX\tex\generic\pgf\utilities\pgfrcs.code.tex
Package: pgfrcs 2010/10/25 v2.10 (rcs-revision 1.24)
))
Package: pgf 2008/01/15 v2.10 (rcs-revision 1.12)

(C:\CTEX\MiKTeX\tex\latex\pgf\basiclayer\pgfcore.sty
(C:\CTEX\MiKTeX\tex\latex\graphics\graphicx.sty
Package: graphicx 1999/02/16 v1.0f Enhanced LaTeX Graphics (DPC,SPQR)

(C:\CTEX\MiKTeX\tex\latex\graphics\graphics.sty
Package: graphics 2009/02/05 v1.0o Standard LaTeX Graphics (DPC,SPQR)

(C:\CTEX\MiKTeX\tex\latex\graphics\trig.sty
Package: trig 1999/03/16 v1.09 sin cos tan (DPC)
)
(C:\CTEX\MiKTeX\tex\latex\00miktex\graphics.cfg
File: graphics.cfg 2007/01/18 v1.5 graphics configuration of teTeX/TeXLive
)
Package graphics Info: Driver file: xetex.def on input line 91.

(C:\CTEX\MiKTeX\tex\xelatex\xetex-def\xetex.def
File: xetex.def 2009/11/22 v0.94 LaTeX color/graphics driver for XeTeX (RRM/JK)

))
\Gin@req@height=\dimen123
\Gin@req@width=\dimen124
)
(C:\CTEX\MiKTeX\tex\latex\pgf\systemlayer\pgfsys.sty
(C:\CTEX\MiKTeX\tex\generic\pgf\systemlayer\pgfsys.code.tex
Package: pgfsys 2010/06/30 v2.10 (rcs-revision 1.37)

(C:\CTEX\MiKTeX\tex\generic\pgf\utilities\pgfkeys.code.tex
\pgfkeys@pathtoks=\toks50
\pgfkeys@temptoks=\toks51

(C:\CTEX\MiKTeX\tex\generic\pgf\utilities\pgfkeysfiltered.code.tex
\pgfkeys@tmptoks=\toks52
))
\pgf@x=\dimen125
\pgf@y=\dimen126
\pgf@xa=\dimen127
\pgf@ya=\dimen128
\pgf@xb=\dimen129
\pgf@yb=\dimen130
\pgf@xc=\dimen131
\pgf@yc=\dimen132
\w@pgf@writea=\write3
\r@pgf@reada=\read1
\c@pgf@counta=\count191
\c@pgf@countb=\count192
\c@pgf@countc=\count193
\c@pgf@countd=\count194

(C:\CTEX\MiKTeX\tex\generic\pgf\systemlayer\pgf.cfg
File: pgf.cfg 2008/05/14  (rcs-revision 1.7)
)
Package pgfsys Info: Driver file for pgf: pgfsys-xetex.def on input line 900.

(C:\CTEX\MiKTeX\tex\generic\pgf\systemlayer\pgfsys-xetex.def
File: pgfsys-xetex.def 2010/02/16  (rcs-revision 1.3)

(C:\CTEX\MiKTeX\tex\generic\pgf\systemlayer\pgfsys-common-pdf.def
File: pgfsys-common-pdf.def 2008/05/19  (rcs-revision 1.10)
)
(C:\CTEX\MiKTeX\tex\generic\pgf\systemlayer\pgfsys-common-pdf-via-dvi.def
File: pgfsys-common-pdf-via-dvi.def 2008/05/19  (rcs-revision 1.7)
)))
(C:\CTEX\MiKTeX\tex\generic\pgf\systemlayer\pgfsyssoftpath.code.tex
File: pgfsyssoftpath.code.tex 2008/07/18  (rcs-revision 1.7)
\pgfsyssoftpath@smallbuffer@items=\count195
\pgfsyssoftpath@bigbuffer@items=\count196
)
(C:\CTEX\MiKTeX\tex\generic\pgf\systemlayer\pgfsysprotocol.code.tex
File: pgfsysprotocol.code.tex 2006/10/16  (rcs-revision 1.4)
))
(C:\CTEX\MiKTeX\tex\latex\xcolor\xcolor.sty
Package: xcolor 2007/01/21 v2.11 LaTeX color extensions (UK)

(C:\CTEX\MiKTeX\tex\latex\00miktex\color.cfg
File: color.cfg 2007/01/18 v1.5 color configuration of teTeX/TeXLive
)
Package xcolor Info: Driver file: xetex.def on input line 225.
Package xcolor Info: Model `cmy' substituted by `cmy0' on input line 1337.
Package xcolor Info: Model `RGB' extended on input line 1353.
Package xcolor Info: Model `HTML' substituted by `rgb' on input line 1355.
Package xcolor Info: Model `Hsb' substituted by `hsb' on input line 1356.
Package xcolor Info: Model `tHsb' substituted by `hsb' on input line 1357.
Package xcolor Info: Model `HSB' substituted by `hsb' on input line 1358.
Package xcolor Info: Model `Gray' substituted by `gray' on input line 1359.
Package xcolor Info: Model `wave' substituted by `hsb' on input line 1360.
)
(C:\CTEX\MiKTeX\tex\generic\pgf\basiclayer\pgfcore.code.tex
Package: pgfcore 2010/04/11 v2.10 (rcs-revision 1.7)

(C:\CTEX\MiKTeX\tex\generic\pgf\math\pgfmath.code.tex
(C:\CTEX\MiKTeX\tex\generic\pgf\math\pgfmathcalc.code.tex
(C:\CTEX\MiKTeX\tex\generic\pgf\math\pgfmathutil.code.tex)
(C:\CTEX\MiKTeX\tex\generic\pgf\math\pgfmathparser.code.tex
\pgfmath@dimen=\dimen133
\pgfmath@count=\count197
\pgfmath@box=\box30
\pgfmath@toks=\toks53
\pgfmath@stack@operand=\toks54
\pgfmath@stack@operation=\toks55
)
(C:\CTEX\MiKTeX\tex\generic\pgf\math\pgfmathfunctions.code.tex
(C:\CTEX\MiKTeX\tex\generic\pgf\math\pgfmathfunctions.basic.code.tex)
(C:\CTEX\MiKTeX\tex\generic\pgf\math\pgfmathfunctions.trigonometric.code.tex)
(C:\CTEX\MiKTeX\tex\generic\pgf\math\pgfmathfunctions.random.code.tex)
(C:\CTEX\MiKTeX\tex\generic\pgf\math\pgfmathfunctions.comparison.code.tex)
(C:\CTEX\MiKTeX\tex\generic\pgf\math\pgfmathfunctions.base.code.tex)
(C:\CTEX\MiKTeX\tex\generic\pgf\math\pgfmathfunctions.round.code.tex)
(C:\CTEX\MiKTeX\tex\generic\pgf\math\pgfmathfunctions.misc.code.tex)))
(C:\CTEX\MiKTeX\tex\generic\pgf\math\pgfmathfloat.code.tex
\c@pgfmathroundto@lastzeros=\count198
))
(C:\CTEX\MiKTeX\tex\generic\pgf\basiclayer\pgfcorepoints.code.tex
File: pgfcorepoints.code.tex 2010/04/09  (rcs-revision 1.20)
\pgf@picminx=\dimen134
\pgf@picmaxx=\dimen135
\pgf@picminy=\dimen136
\pgf@picmaxy=\dimen137
\pgf@pathminx=\dimen138
\pgf@pathmaxx=\dimen139
\pgf@pathminy=\dimen140
\pgf@pathmaxy=\dimen141
\pgf@xx=\dimen142
\pgf@xy=\dimen143
\pgf@yx=\dimen144
\pgf@yy=\dimen145
\pgf@zx=\dimen146
\pgf@zy=\dimen147
)
(C:\CTEX\MiKTeX\tex\generic\pgf\basiclayer\pgfcorepathconstruct.code.tex
File: pgfcorepathconstruct.code.tex 2010/08/03  (rcs-revision 1.24)
\pgf@path@lastx=\dimen148
\pgf@path@lasty=\dimen149
)
(C:\CTEX\MiKTeX\tex\generic\pgf\basiclayer\pgfcorepathusage.code.tex
File: pgfcorepathusage.code.tex 2008/04/22  (rcs-revision 1.12)
\pgf@shorten@end@additional=\dimen150
\pgf@shorten@start@additional=\dimen151
)
(C:\CTEX\MiKTeX\tex\generic\pgf\basiclayer\pgfcorescopes.code.tex
File: pgfcorescopes.code.tex 2010/09/08  (rcs-revision 1.34)
\pgfpic=\box31
\pgf@hbox=\box32
\pgf@layerbox@main=\box33
\pgf@picture@serial@count=\count199
)
(C:\CTEX\MiKTeX\tex\generic\pgf\basiclayer\pgfcoregraphicstate.code.tex
File: pgfcoregraphicstate.code.tex 2008/04/22  (rcs-revision 1.9)
\pgflinewidth=\dimen152
)
(C:\CTEX\MiKTeX\tex\generic\pgf\basiclayer\pgfcoretransformations.code.tex
File: pgfcoretransformations.code.tex 2009/06/10  (rcs-revision 1.11)
\pgf@pt@x=\dimen153
\pgf@pt@y=\dimen154
\pgf@pt@temp=\dimen155
)
(C:\CTEX\MiKTeX\tex\generic\pgf\basiclayer\pgfcorequick.code.tex
File: pgfcorequick.code.tex 2008/10/09  (rcs-revision 1.3)
)
(C:\CTEX\MiKTeX\tex\generic\pgf\basiclayer\pgfcoreobjects.code.tex
File: pgfcoreobjects.code.tex 2006/10/11  (rcs-revision 1.2)
)
(C:\CTEX\MiKTeX\tex\generic\pgf\basiclayer\pgfcorepathprocessing.code.tex
File: pgfcorepathprocessing.code.tex 2008/10/09  (rcs-revision 1.8)
)
(C:\CTEX\MiKTeX\tex\generic\pgf\basiclayer\pgfcorearrows.code.tex
File: pgfcorearrows.code.tex 2008/04/23  (rcs-revision 1.11)
)
(C:\CTEX\MiKTeX\tex\generic\pgf\basiclayer\pgfcoreshade.code.tex
File: pgfcoreshade.code.tex 2008/11/23  (rcs-revision 1.13)
\pgf@max=\dimen156
\pgf@sys@shading@range@num=\count200
)
(C:\CTEX\MiKTeX\tex\generic\pgf\basiclayer\pgfcoreimage.code.tex
File: pgfcoreimage.code.tex 2010/03/25  (rcs-revision 1.16)

(C:\CTEX\MiKTeX\tex\generic\pgf\basiclayer\pgfcoreexternal.code.tex
File: pgfcoreexternal.code.tex 2010/09/01  (rcs-revision 1.17)
\pgfexternal@startupbox=\box34
))
(C:\CTEX\MiKTeX\tex\generic\pgf\basiclayer\pgfcorelayers.code.tex
File: pgfcorelayers.code.tex 2010/08/27  (rcs-revision 1.2)
)
(C:\CTEX\MiKTeX\tex\generic\pgf\basiclayer\pgfcoretransparency.code.tex
File: pgfcoretransparency.code.tex 2008/01/17  (rcs-revision 1.2)
)
(C:\CTEX\MiKTeX\tex\generic\pgf\basiclayer\pgfcorepatterns.code.tex
File: pgfcorepatterns.code.tex 2009/07/02  (rcs-revision 1.3)
)))
(C:\CTEX\MiKTeX\tex\generic\pgf\modules\pgfmoduleshapes.code.tex
File: pgfmoduleshapes.code.tex 2010/09/09  (rcs-revision 1.13)
\pgfnodeparttextbox=\box35
)
(C:\CTEX\MiKTeX\tex\generic\pgf\modules\pgfmoduleplot.code.tex
File: pgfmoduleplot.code.tex 2010/10/22  (rcs-revision 1.8)
)
(C:\CTEX\MiKTeX\tex\latex\pgf\compatibility\pgfcomp-version-0-65.sty
Package: pgfcomp-version-0-65 2007/07/03 v2.10 (rcs-revision 1.7)
\pgf@nodesepstart=\dimen157
\pgf@nodesepend=\dimen158
)
(C:\CTEX\MiKTeX\tex\latex\pgf\compatibility\pgfcomp-version-1-18.sty
Package: pgfcomp-version-1-18 2007/07/23 v2.10 (rcs-revision 1.1)
))
(C:\CTEX\MiKTeX\tex\latex\pgf\utilities\pgffor.sty
(C:\CTEX\MiKTeX\tex\latex\pgf\utilities\pgfkeys.sty
(C:\CTEX\MiKTeX\tex\generic\pgf\utilities\pgfkeys.code.tex))
(C:\CTEX\MiKTeX\tex\generic\pgf\utilities\pgffor.code.tex
Package: pgffor 2010/03/23 v2.10 (rcs-revision 1.18)
\pgffor@iter=\dimen159
\pgffor@skip=\dimen160
\pgffor@stack=\toks56
\pgffor@toks=\toks57
))
(C:\CTEX\MiKTeX\tex\generic\pgf\frontendlayer\tikz\tikz.code.tex
Package: tikz 2010/10/13 v2.10 (rcs-revision 1.76)

(C:\CTEX\MiKTeX\tex\generic\pgf\libraries\pgflibraryplothandlers.code.tex
File: pgflibraryplothandlers.code.tex 2010/05/31 v2.10 (rcs-revision 1.15)
\pgf@plot@mark@count=\count201
\pgfplotmarksize=\dimen161
)
\tikz@lastx=\dimen162
\tikz@lasty=\dimen163
\tikz@lastxsaved=\dimen164
\tikz@lastysaved=\dimen165
\tikzleveldistance=\dimen166
\tikzsiblingdistance=\dimen167
\tikz@figbox=\box36
\tikz@tempbox=\box37
Normal \count register pool exhausted, switching to extended pool.
\tikztreelevel=\count277
\tikznumberofchildren=\count278
\tikznumberofcurrentchild=\count279
\tikz@fig@count=\count280

(C:\CTEX\MiKTeX\tex\generic\pgf\modules\pgfmodulematrix.code.tex
File: pgfmodulematrix.code.tex 2010/08/24  (rcs-revision 1.4)
\pgfmatrixcurrentrow=\count281
\pgfmatrixcurrentcolumn=\count282
\pgf@matrix@numberofcolumns=\count283
)
\tikz@expandcount=\count284

(C:\CTEX\MiKTeX\tex\generic\pgf\frontendlayer\tikz\libraries\tikzlibrarytopaths
.code.tex
File: tikzlibrarytopaths.code.tex 2008/06/17 v2.10 (rcs-revision 1.2)
))) (C:\CTEX\MiKTeX\tex\latex\etoolbox\etoolbox.sty
Package: etoolbox 2010/09/12 v2.0a e-TeX tools for LaTeX
\etb@tempcnta=\count285
)
(C:\CTEX\MiKTeX\tex\latex\geometry\geometry.sty
Package: geometry 2010/09/12 v5.6 Page Geometry

(C:\CTEX\MiKTeX\tex\generic\oberdiek\ifvtex.sty
Package: ifvtex 2010/03/01 v1.5 Switches for detecting VTeX and its modes (HO)
Package ifvtex Info: VTeX not detected.
)
\Gm@cnth=\count286
\Gm@cntv=\count287
\c@Gm@tempcnt=\count288
\Gm@bindingoffset=\dimen168
\Gm@wd@mp=\dimen169
\Gm@odd@mp=\dimen170
\Gm@even@mp=\dimen171
\Gm@layoutwidth=\dimen172
\Gm@layoutheight=\dimen173
\Gm@layouthoffset=\dimen174
\Gm@layoutvoffset=\dimen175
\Gm@dimlist=\toks58

(C:\CTEX\MiKTeX\tex\xelatex\xetexconfig\geometry.cfg))
(C:\CTEX\MiKTeX\tex\latex\setspace\setspace.sty
Package: setspace 2000/12/01 6.7 Contributed and Supported LaTeX2e package

Package: `setspace' 6.7 <2000/12/01>
)
! Undefined control sequence.
l.179 \ctexset
              {chapter={
The control sequence at the end of the top line
of your error message was never \def'ed. If you have
misspelled it (e.g., `\hobx'), type `I' and the correct
spelling (e.g., `I\hbox'). Otherwise just continue,
and I'll forget about whatever was undefined.


! LaTeX Error: Missing \begin{document}.

See the LaTeX manual or LaTeX Companion for explanation.
Type  H <return>  for immediate help.
 ...                                              
                                                  
l.179 \ctexset{c
                hapter={
You're in trouble here.  Try typing  <return>  to proceed.
If that doesn't work, type  X <return>  to quit.

Requested font "SimSun" at 10.54pt
 -> C:/CTEX/CTeX/fonts/truetype/chinese/simsun.ttf
Requested font "SimSun/ICU" at 10.54pt
 -> C:/CTEX/CTeX/fonts/truetype/chinese/simsun.ttf
 fontspec info: Font SimSun does not contain any OpenType `Script' information.


\g_fontspec_family_SimSun_int=\count289
 fontspec info: Defining font family 'SimSun(0)' for font 'SimSun' with options
 [Ligatures=TeX,BoldFont={SimHei},ItalicFont={[SIMKAI.TTF]}].

\g_fontspec_SimSun(0)_prop=\toks59
 fontspec info: Defining shape 'normal' with NFSS spec.:
(fontspec)  <->"SimSun/ICU:mapping=tex-text;;"

Requested font "SimHei/ICU" at 10.54pt
 -> C:/Windows/Fonts/simhei.ttf
 fontspec info: Defining shape 'bold' with NFSS spec.:
(fontspec)  <->"SimHei/ICU:mapping=tex-text;;"

Requested font "[SIMKAI.TTF]/ICU" at 10.54pt
 -> C:/Windows/Fonts/SIMKAI.TTF
 fontspec info: Defining shape 'italic' with NFSS spec.:
(fontspec)  <->"[SIMKAI.TTF]/ICU:mapping=tex-text;;"

Requested font "SimHei/I/ICU" at 10.54pt
 -> C:/Windows/Fonts/simhei.ttf
 fontspec info: Could not resolve font SimHei/I (it probably doesn't exist).

Requested font "SimSun/ICU:mapping=tex-text;;" at 10.54pt
 -> C:/CTEX/CTeX/fonts/truetype/chinese/simsun.ttf
Unknown feature `' in font `SimSun'.
Requested font "[lmroman10-bold]:mapping=tex-text" at 10.54pt
 -> C:/CTEX/MiKTeX/fonts/opentype/public/lm/lmroman10-bold.otf
Requested font "[lmroman12-bold]:mapping=tex-text" at 16.06pt
 -> C:/CTEX/MiKTeX/fonts/opentype/public/lm/lmroman12-bold.otf
! Undefined control sequence.
l.190 \ctexset
              {section={
The control sequence at the end of the top line
of your error message was never \def'ed. If you have
misspelled it (e.g., `\hobx'), type `I' and the correct
spelling (e.g., `I\hbox'). Otherwise just continue,
and I'll forget about whatever was undefined.

Requested font "[lmroman12-bold]:mapping=tex-text" at 14.05pt
 -> C:/CTEX/MiKTeX/fonts/opentype/public/lm/lmroman12-bold.otf

Overfull \hbox (22.90477pt too wide) in paragraph at lines 179--197
[]\EU1/lmr/m/n/10.54 chapter= name = \rm/m/n/10.54 第\EU1/lmr/m/n/10.54 , \rm/
m/n/10.54 章\EU1/lmr/m/n/10.54 , number = 0, format = , pagestyle = BIT@headin
gs,
 []

! Undefined control sequence.
l.202 \ctexset
              {subsection={
The control sequence at the end of the top line
of your error message was never \def'ed. If you have
misspelled it (e.g., `\hobx'), type `I' and the correct
spelling (e.g., `I\hbox'). Otherwise just continue,
and I'll forget about whatever was undefined.


! LaTeX Error: Missing \begin{document}.

See the LaTeX manual or LaTeX Companion for explanation.
Type  H <return>  for immediate help.
 ...                                              
                                                  
l.202 \ctexset{s
                ubsection={
You're in trouble here.  Try typing  <return>  to proceed.
If that doesn't work, type  X <return>  to quit.

Requested font "[lmroman12-bold]:mapping=tex-text" at 12.05pt
 -> C:/CTEX/MiKTeX/fonts/opentype/public/lm/lmroman12-bold.otf
! Undefined control sequence.
l.212 \ctexset
              {subsubsection={
The control sequence at the end of the top line
of your error message was never \def'ed. If you have
misspelled it (e.g., `\hobx'), type `I' and the correct
spelling (e.g., `I\hbox'). Otherwise just continue,
and I'll forget about whatever was undefined.


! LaTeX Error: Missing \begin{document}.

See the LaTeX manual or LaTeX Companion for explanation.
Type  H <return>  for immediate help.
 ...                                              
                                                  
l.212 \ctexset{s
                ubsubsection={
You're in trouble here.  Try typing  <return>  to proceed.
If that doesn't work, type  X <return>  to quit.

Requested font "[lmroman12-regular]:mapping=tex-text" at 12.05pt
 -> C:/CTEX/MiKTeX/fonts/opentype/public/lm/lmroman12-regular.otf
(C:\CTEX\MiKTeX\tex\latex\titlesec\titletoc.sty
Package: titletoc 2007/08/12 v1.6 TOC entries
\ttl@leftsep=\dimen176
)
(C:\CTEX\MiKTeX\tex\latex\base\ifthen.sty
Package: ifthen 2001/05/26 v1.1c Standard LaTeX ifthen package (DPC)
)
(C:\CTEX\MiKTeX\tex\latex\fancyhdr\fancyhdr.sty
\fancy@headwidth=\skip58
\f@ncyO@elh=\skip59
\f@ncyO@erh=\skip60
\f@ncyO@olh=\skip61
\f@ncyO@orh=\skip62
\f@ncyO@elf=\skip63
\f@ncyO@erf=\skip64
\f@ncyO@olf=\skip65
\f@ncyO@orf=\skip66
)
(C:\CTEX\MiKTeX\tex\latex\threeparttable\threeparttable.sty
Package: threeparttable 2003/06/13  v 3.0
\@tempboxb=\box38
)
(C:\CTEX\MiKTeX\tex\latex\tools\dcolumn.sty
Package: dcolumn 2001/05/28 v1.06 decimal alignment package (DPC)

(C:\CTEX\MiKTeX\tex\latex\tools\array.sty
Package: array 2008/09/09 v2.4c Tabular extension package (FMi)
\col@sep=\dimen177
\extrarowheight=\dimen178
\NC@list=\toks60
\extratabsurround=\skip67
\backup@length=\skip68
))
(C:\CTEX\MiKTeX\tex\latex\multirow\multirow.sty
\bigstrutjot=\dimen179
)
(C:\CTEX\MiKTeX\tex\latex\booktabs\booktabs.sty
Package: booktabs 2005/04/14 v1.61803 publication quality tables
\heavyrulewidth=\dimen180
\lightrulewidth=\dimen181
\cmidrulewidth=\dimen182
\belowrulesep=\dimen183
\belowbottomsep=\dimen184
\aboverulesep=\dimen185
\abovetopsep=\dimen186
\cmidrulesep=\dimen187
\cmidrulekern=\dimen188
\defaultaddspace=\dimen189
\@cmidla=\count290
\@cmidlb=\count291
\@aboverulesep=\dimen190
\@belowrulesep=\dimen191
\@thisruleclass=\count292
\@lastruleclass=\count293
\@thisrulewidth=\dimen192
)
\c@algo=\count294
\c@thm=\count295
\c@defn=\count296
\c@conj=\count297
\c@exmp=\count298
\c@rem=\count299
\c@case=\count300

(C:\CTEX\MiKTeX\tex\latex\xltxtra\xltxtra.sty
Package: xltxtra 2010/09/20 v0.5e Improvements for the "XeLaTeX" format

(C:\CTEX\MiKTeX\tex\generic\oberdiek\ifluatex.sty
Package: ifluatex 2010/03/01 v1.3 Provides the ifluatex switch (HO)
Package ifluatex Info: LuaTeX not detected.
)
(C:\CTEX\MiKTeX\tex\latex\realscripts\realscripts.sty
Package: realscripts 2010/09/30 v0.3 Access OpenType subscripts and superscript
s
 LaTeX info: Defining document command \fakesubscript
(LaTeX)  with arg. spec. 'm' on line 19.

 LaTeX info: Defining document command \fakesuperscript
(LaTeX)  with arg. spec. 'm' on line 22.

 LaTeX info: Redefining document command \textsubscript
(LaTeX)  with arg. spec. 's' on line 25.

 LaTeX info: Redefining document command \textsuperscript
(LaTeX)  with arg. spec. 's' on line 28.

 LaTeX info: Defining document command \realsubscript
(LaTeX)  with arg. spec. 'm' on line 45.

 LaTeX info: Defining document command \realsuperscript
(LaTeX)  with arg. spec. 'm' on line 60.

 LaTeX info: Defining document command \textsubsuperscript
(LaTeX)  with arg. spec. 'sO{l}mm' on line 137.

 LaTeX info: Defining document command \textsupersubscript
(LaTeX)  with arg. spec. 'sO{l}mm' on line 140.

\subsupersep=\dimen193
)
(C:\CTEX\MiKTeX\tex\latex\metalogo\metalogo.sty
Package: metalogo 2010/05/29 v0.12 Extended TeX logo macros
\xl@everylogo=\toks61
\xl@@everylogo=\toks62
LaTeX Info: Redefining \TeX on input line 193.
LaTeX Info: Redefining \LaTeX on input line 202.
LaTeX Info: Redefining \LaTeXe on input line 219.
)
\xxt@tempbox=\box39
)
Requested font "Times New Roman" at 10.54pt
 -> C:/Windows/Fonts/times.ttf
Requested font "Times New Roman/ICU" at 10.54pt
 -> C:/Windows/Fonts/times.ttf
\g_fontspec_family_Times New Roman_int=\count301
 fontspec info: Defining font family 'TimesNewRoman(0)' for font 'Times New Rom
an' with options [Ligatures=TeX,].

\g_fontspec_TimesNewRoman(0)_prop=\toks63
 fontspec info: Defining shape 'normal' with NFSS spec.:
(fontspec)  <->"Times New Roman/ICU:script=latn;language=DFLT;mapping=tex-text;
;"

Requested font "Times New Roman/B/ICU" at 10.54pt
 -> C:/Windows/Fonts/timesbd.ttf
Requested font "Times New Roman/B/B/ICU" at 10.54pt
 -> C:/Windows/Fonts/timesbd.ttf
 fontspec info: Defining shape 'bold' with NFSS spec.:
(fontspec)  <->"Times New Roman/B/ICU:script=latn;language=DFLT;mapping=tex-tex
t;;"

Requested font "Times New Roman/I/ICU" at 10.54pt
 -> C:/Windows/Fonts/timesi.ttf
Requested font "Times New Roman/I/I/ICU" at 10.54pt
 -> C:/Windows/Fonts/timesi.ttf
 fontspec info: Defining shape 'italic' with NFSS spec.:
(fontspec)  <->"Times New Roman/I/ICU:script=latn;language=DFLT;mapping=tex-tex
t;;"

Requested font "Times New Roman/BI/ICU" at 10.54pt
 -> C:/Windows/Fonts/timesbi.ttf
Requested font "Times New Roman/BI/BI/ICU" at 10.54pt
 -> C:/Windows/Fonts/timesbi.ttf
 fontspec info: Defining shape 'bold italic' with NFSS spec.:
(fontspec)  <->"Times New Roman/BI/ICU:script=latn;language=DFLT;mapping=tex-te
xt;;"

Requested font "Times New Roman/ICU:script=latn;language=DFLT;mapping=tex-text;
;" at 10.54pt
 -> C:/Windows/Fonts/times.ttf
Unknown feature `' in font `Times New Roman'.
Requested font "Arial" at 10.54pt
 -> C:/Windows/Fonts/arial.ttf
Requested font "Arial/ICU" at 10.54pt
 -> C:/Windows/Fonts/arial.ttf
\g_fontspec_family_Arial_int=\count302
 fontspec info: Defining font family 'Arial(0)' for font 'Arial' with options [
Ligatures=TeX,].

\g_fontspec_Arial(0)_prop=\toks64
 fontspec info: Defining shape 'normal' with NFSS spec.:
(fontspec)  <->"Arial/ICU:script=latn;language=DFLT;mapping=tex-text;;"

Requested font "Arial/B/ICU" at 10.54pt
 -> C:/Windows/Fonts/arialbd.ttf
Requested font "Arial/B/B/ICU" at 10.54pt
 -> C:/Windows/Fonts/arialbd.ttf
 fontspec info: Defining shape 'bold' with NFSS spec.:
(fontspec)  <->"Arial/B/ICU:script=latn;language=DFLT;mapping=tex-text;;"

Requested font "Arial/I/ICU" at 10.54pt
 -> C:/Windows/Fonts/ariali.ttf
Requested font "Arial/I/I/ICU" at 10.54pt
 -> C:/Windows/Fonts/ariali.ttf
 fontspec info: Defining shape 'italic' with NFSS spec.:
(fontspec)  <->"Arial/I/ICU:script=latn;language=DFLT;mapping=tex-text;;"

Requested font "Arial/BI/ICU" at 10.54pt
 -> C:/Windows/Fonts/arialbi.ttf
Requested font "Arial/BI/BI/ICU" at 10.54pt
 -> C:/Windows/Fonts/arialbi.ttf
 fontspec info: Defining shape 'bold italic' with NFSS spec.:
(fontspec)  <->"Arial/BI/ICU:script=latn;language=DFLT;mapping=tex-text;;"

Requested font "Courier New" at 10.54pt
 -> C:/Windows/Fonts/cour.ttf
Requested font "Courier New/ICU" at 10.54pt
 -> C:/Windows/Fonts/cour.ttf
\g_fontspec_family_Courier New_int=\count303
 fontspec info: Defining font family 'CourierNew(0)' for font 'Courier New' wit
h options [Ligatures=TeX,].

\g_fontspec_CourierNew(0)_prop=\toks65
 fontspec info: Defining shape 'normal' with NFSS spec.:
(fontspec)  <->"Courier New/ICU:script=latn;language=DFLT;mapping=tex-text;;"

Requested font "Courier New/B/ICU" at 10.54pt
 -> C:/Windows/Fonts/courbd.ttf
Requested font "Courier New/B/B/ICU" at 10.54pt
 -> C:/Windows/Fonts/courbd.ttf
 fontspec info: Defining shape 'bold' with NFSS spec.:
(fontspec)  <->"Courier New/B/ICU:script=latn;language=DFLT;mapping=tex-text;;"


Requested font "Courier New/I/ICU" at 10.54pt
 -> C:/Windows/Fonts/couri.ttf
Requested font "Courier New/I/I/ICU" at 10.54pt
 -> C:/Windows/Fonts/couri.ttf
 fontspec info: Defining shape 'italic' with NFSS spec.:
(fontspec)  <->"Courier New/I/ICU:script=latn;language=DFLT;mapping=tex-text;;"


Requested font "Courier New/BI/ICU" at 10.54pt
 -> C:/Windows/Fonts/courbi.ttf
Requested font "Courier New/BI/BI/ICU" at 10.54pt
 -> C:/Windows/Fonts/courbi.ttf
 fontspec info: Defining shape 'bold italic' with NFSS spec.:
(fontspec)  <->"Courier New/BI/ICU:script=latn;language=DFLT;mapping=tex-text;;
"


(C:\CTEX\MiKTeX\tex\latex\subfigure\subfigure.sty
Package: subfigure 2002/07/30 v2.1.4 subfigure package
\subfigtopskip=\skip69
\subfigcapskip=\skip70
\subfigcaptopadj=\dimen194
\subfigbottomskip=\skip71
\subfigcapmargin=\dimen195
\subfiglabelskip=\skip72
\c@subfigure=\count304
\c@lofdepth=\count305
\c@subtable=\count306
\c@lotdepth=\count307

****************************************
* Local config file subfigure.cfg used *
****************************************
(C:\CTEX\MiKTeX\tex\latex\subfigure\subfigure.cfg)
\subfig@top=\skip73
\subfig@bottom=\skip74
)
(C:\CTEX\MiKTeX\tex\latex\wrapfig\wrapfig.sty
\wrapoverhang=\dimen196
\WF@size=\dimen197
\c@WF@wrappedlines=\count308
\WF@box=\box40
\WF@everypar=\toks66
Package: wrapfig 2003/01/31  v 3.6
)
(C:\CTEX\MiKTeX\tex\latex\caption\caption.sty
Package: caption 2010/01/09 v3.1m Customizing captions (AR)

(C:\CTEX\MiKTeX\tex\latex\caption\caption3.sty
Package: caption3 2010/01/14 v3.1m caption3 kernel (AR)
\captionmargin=\dimen198
\captionmargin@=\dimen199
\captionwidth=\dimen200
\caption@indent=\dimen201
Normal \dimen register pool exhausted, switching to extended pool.
\caption@parindent=\dimen256
\caption@hangindent=\dimen257
Package caption Info: Unknown document class (or package),
(caption)             standard defaults will be used on input line 1084.
)

Package caption Warning: Unsupported document class (or package) detected,
(caption)                usage of the caption package is not recommended.
See the caption package documentation for explanation.

Package caption Info: \@makecaption = \long macro:#1#2->\vskip \abovecaptionski
p \sbox \@tempboxa {#1\CTEX@caption@delimiter #2}\ifdim \wd \@tempboxa >\hsize 
#1\CTEX@caption@delimiter #2\par \else \global \@minipagefalse \hb@xt@ \hsize {
\hfil \box \@tempboxa \hfil }\fi \vskip \belowcaptionskip .
\c@ContinuedFloat=\count309
Package caption Info: subfigure package is loaded.
Package caption Info: threeparttable package is loaded.
Package caption Info: wrapfig package is loaded.
) (C:\CTEX\MiKTeX\tex\latex\natbib\natbib.sty
Package: natbib 2009/11/07 8.31a (PWD, AO)
\bibhang=\skip75
\bibsep=\skip76
LaTeX Info: Redefining \cite on input line 694.
\c@NAT@ctr=\count310
)
(C:\CTEX\MiKTeX\tex\latex\listings\listings.sty
\lst@mode=\count311
\lst@gtempboxa=\box41
\lst@token=\toks67
\lst@length=\count312
\lst@currlwidth=\dimen258
\lst@column=\count313
\lst@pos=\count314
\lst@lostspace=\dimen259
\lst@width=\dimen260
\lst@newlines=\count315
\lst@lineno=\count316
\lst@maxwidth=\dimen261

(C:\CTEX\MiKTeX\tex\latex\listings\lstmisc.sty
File: lstmisc.sty 2007/02/22 1.4 (Carsten Heinz)
\c@lstnumber=\count317
\lst@skipnumbers=\count318
\lst@framebox=\box42
)
(C:\CTEX\MiKTeX\tex\latex\listings\listings.cfg
File: listings.cfg 2007/02/22 1.4 listings configuration
))
Package: listings 2007/02/22 1.4 (Carsten Heinz)

(C:\CTEX\MiKTeX\tex\latex\hyperref\hyperref.sty
Package: hyperref 2010/11/26 v6.81v Hypertext links for LaTeX

(C:\CTEX\MiKTeX\tex\generic\oberdiek\ltxcmds.sty
Package: ltxcmds 2010/04/26 v1.7 LaTeX kernel commands for general use (HO)
)
(C:\CTEX\MiKTeX\tex\generic\oberdiek\pdftexcmds.sty
Package: pdftexcmds 2010/04/01 v0.9 Utility functions of pdfTeX for LuaTeX (HO)


(C:\CTEX\MiKTeX\tex\generic\oberdiek\infwarerr.sty
Package: infwarerr 2010/04/08 v1.3 Providing info/warning/message (HO)
)
Package pdftexcmds Info: LuaTeX not detected.
Package pdftexcmds Info: pdfTeX >= 1.30 not detected.
Package pdftexcmds Info: \pdf@primitive is available.
Package pdftexcmds Info: \pdf@ifprimitive is available.
)
(C:\CTEX\MiKTeX\tex\generic\oberdiek\kvsetkeys.sty
Package: kvsetkeys 2010/03/01 v1.9 Key value parser (HO)

(C:\CTEX\MiKTeX\tex\generic\oberdiek\etexcmds.sty
Package: etexcmds 2010/01/28 v1.3 Prefix for e-TeX command names (HO)
Package etexcmds Info: Could not find \expanded.
(etexcmds)             That can mean that you are not using pdfTeX 1.50 or
(etexcmds)             that some package has redefined \expanded.
(etexcmds)             In the latter case, load this package earlier.
))
(C:\CTEX\MiKTeX\tex\generic\oberdiek\pdfescape.sty
Package: pdfescape 2010/03/01 v1.9 Provides hex, PDF name and string conversion
s (HO)
)
(C:\CTEX\MiKTeX\tex\latex\oberdiek\hycolor.sty
Package: hycolor 2009/12/12 v1.6 Color options of hyperref/bookmark (HO)

(C:\CTEX\MiKTeX\tex\latex\oberdiek\xcolor-patch.sty
Package: xcolor-patch 2009/12/12 xcolor patch
))
(C:\CTEX\MiKTeX\tex\latex\oberdiek\letltxmacro.sty
Package: letltxmacro 2008/06/24 v1.3 Let assignment for LaTeX macros (HO)
)
(C:\CTEX\MiKTeX\tex\latex\oberdiek\kvoptions.sty
Package: kvoptions 2010/02/22 v3.7 Keyval support for LaTeX options (HO)
)
\@linkdim=\dimen262
\Hy@linkcounter=\count319
\Hy@pagecounter=\count320

(C:\CTEX\MiKTeX\tex\latex\hyperref\pd1enc.def
File: pd1enc.def 2010/11/26 v6.81v Hyperref: PDFDocEncoding definition (HO)
)
(C:\CTEX\MiKTeX\tex\generic\oberdiek\intcalc.sty
Package: intcalc 2007/09/27 v1.1 Expandable integer calculations (HO)
)
\Hy@SavedSpaceFactor=\count321

(C:\CTEX\MiKTeX\tex\latex\00miktex\hyperref.cfg
File: hyperref.cfg 2002/06/06 v1.2 hyperref configuration of TeXLive
)
Package hyperref Info: Hyper figures OFF on input line 3993.
Package hyperref Info: Link nesting OFF on input line 3998.
Package hyperref Info: Hyper index ON on input line 4001.
Package hyperref Info: Plain pages OFF on input line 4008.
Package hyperref Info: Backreferencing OFF on input line 4013.
Package hyperref Info: Implicit mode ON; LaTeX internals redefined.
Package hyperref Info: Bookmarks ON on input line 4228.
\c@Hy@tempcnt=\count322

(C:\CTEX\MiKTeX\tex\xelatex\xetexurl\url.sty
\Urlmuskip=\muskip11
Package: url 2004/03/15  ver 3.1  Verb mode for urls, etc.
)
LaTeX Info: Redefining \url on input line 4583.

(C:\CTEX\MiKTeX\tex\generic\oberdiek\bitset.sty
Package: bitset 2007/09/28 v1.0 Data type bit set (HO)

(C:\CTEX\MiKTeX\tex\generic\oberdiek\bigintcalc.sty
Package: bigintcalc 2007/11/11 v1.1 Expandable big integer calculations (HO)
))
\Fld@menulength=\count323
\Field@Width=\dimen263
\Fld@charsize=\dimen264
Package hyperref Info: Hyper figures OFF on input line 5667.
Package hyperref Info: Link nesting OFF on input line 5672.
Package hyperref Info: Hyper index ON on input line 5675.
Package hyperref Info: backreferencing OFF on input line 5682.
Package hyperref Info: Link coloring OFF on input line 5687.
Package hyperref Info: Link coloring with OCG OFF on input line 5692.
Package hyperref Info: PDF/A mode OFF on input line 5697.
LaTeX Info: Redefining \ref on input line 5737.
LaTeX Info: Redefining \pageref on input line 5741.

(C:\CTEX\MiKTeX\tex\generic\oberdiek\atbegshi.sty
Package: atbegshi 2010/03/25 v1.12 At begin shipout hook (HO)
)
\Hy@abspage=\count324
\c@Item=\count325
\c@Hfootnote=\count326
)

Package hyperref Message: Driver: hxetex.

(C:\CTEX\MiKTeX\tex\latex\hyperref\hxetex.def
File: hxetex.def 2010/11/26 v6.81v Hyperref driver for XeTeX

(C:\CTEX\MiKTeX\tex\latex\hyperref\puenc.def
File: puenc.def 2010/11/26 v6.81v Hyperref: PDF Unicode definition (HO)
)
(C:\CTEX\MiKTeX\tex\generic\oberdiek\stringenc.sty
Package: stringenc 2010/03/01 v1.8 Converts strings between encodings (HO)
)
\pdfm@box=\box43
\c@Hy@AnnotLevel=\count327
\HyField@AnnotCount=\count328
\Fld@listcount=\count329
\c@bookmark@seq@number=\count330

(C:\CTEX\MiKTeX\tex\latex\oberdiek\rerunfilecheck.sty
Package: rerunfilecheck 2010/03/16 v1.6 Rerun checks for auxiliary files (HO)
Package rerunfilecheck Info: Feature \pdfmdfivesum is not available
(rerunfilecheck)             (e.g. pdfTeX or LuaTeX with package `pdftexcmds').

(rerunfilecheck)             Therefore file contents cannot be checked efficien
tly
(rerunfilecheck)             and the loading of the package is aborted.
)
\Hy@SectionHShift=\skip77
)
Package hyperref Info: Option `bookmarksnumbered' set `true' on input line 421.

Package hyperref Info: Option `colorlinks' set `true' on input line 421.
Package hyperref Info: Option `plainpages' set `false' on input line 421.

(C:\CTEX\MiKTeX\tex\latex\enumitem\enumitem.sty
Package: enumitem 2009/05/18 v2.2 Customized lists
\enit@toks=\toks68
\labelindent=\skip78
\enit@outerparindent=\dimen265
\enitdp@desc=\count331
)
(C:\CTEX\MiKTeX\tex\latex\mhchem\mhchem.sty
Package: mhchem 2010/06/16 v3.08 for typesetting chemical formulae

(C:\CTEX\MiKTeX\tex\latex\oberdiek\twoopt.sty
Package: twoopt 2008/08/11 v1.5 Definitions with two optional arguments (HO)
)
\tok@mhchem@ce@iii=\toks69
\mhchem@arrowminlength=\skip79
\mhchem@arrows@box=\box44
\mhchem@arrowlength@pgf=\skip80
\mhchem@arrowminlength@pgf=\skip81
\mhchem@bondwidth=\skip82
\mhchem@bondheight=\skip83
\mhchem@smallbondwidth@tmpA=\skip84
\mhchem@smallbondwidth@tmpB=\skip85
\mhchem@smallbondwidth=\skip86
\mhchem@cf@element=\toks70
\mhchem@cf@number=\toks71
\mhchem@cf@sup=\toks72
\tok@mhchem@cf@i=\toks73
\c@mhchem@cf@length=\count332
\mhchem@cf@replaceminus@tok=\toks74
\mhchem@option@minussidebearingleft=\skip87
\mhchem@option@minussidebearingright=\skip88
)
(C:\CTEX\MiKTeX\tex\latex\siunitx\siunitx.sty
Package: siunitx 2010/11/24 v2.1f A comprehensive (SI) units package

(C:\CTEX\MiKTeX\tex\latex\xpackages\xtras\l3keys2e.sty
Package: l3keys2e 2010/10/13 v2076 Parsing LaTeX3 keyvals as LaTeX2e package op
tions
)
\l_siunitx_tmp_box=\box45
\l_siunitx_tmp_int=\count333
\l_siunitx_number_in_prop=\toks75
\l_siunitx_round_int=\count334
\l_siunitx_process_decimal_int=\count335
\l_siunitx_process_uncertainty_int=\count336
\l_siunitx_process_fixed_int=\count337
\l_siunitx_process_precision_int=\count338
\l_siunitx_number_out_prop=\toks76
\l_siunitx_angle_marker_box=\box46
\l_siunitx_angle_unit_box=\box47
\l_siunitx_angle_marker_dim=\dimen266
\l_siunitx_angle_unit_dim=\dimen267
\l_siunitx_angle_degree_prop=\toks77
\l_siunitx_angle_minute_prop=\toks78
\l_siunitx_angle_second_prop=\toks79
\l_siunitx_unit_int=\count339
\l_siunitx_unit_prop=\toks80
\l_siunitx_unit_denominator_int=\count340
\l_siunitx_unit_numerator_int=\count341
\l_siunitx_unit_prefix_int=\count342
\l_siunitx_unit_prefix_base_int=\count343
\l_siunitx_unit_prefix_gram_int=\count344
\l_siunitx_number_product_int=\count345
\c_siunitx_one_fill_skip=\skip89
\c_siunitx_table_correction_skip=\skip90
\l_siunitx_table_unit_align_skip=\skip91
\l_siunitx_table_fill_box=\box48
\l_siunitx_table_fill_dim=\dimen268
\l_siunitx_table_pre_box=\box49
\l_siunitx_table_post_box=\box50
\l_siunitx_table_result_box=\box51
\l_siunitx_table_comparator_dim=\dimen269
\l_siunitx_table_decimal_dim=\dimen270
\l_siunitx_table_exponent_dim=\dimen271
\l_siunitx_table_integer_dim=\dimen272
\l_siunitx_table_mantissa_dim=\dimen273
\l_siunitx_table_marker_dim=\dimen274
\l_siunitx_table_result_dim=\dimen275
\l_siunitx_table_uncert_dim=\dimen276
\l_siunitx_table_gap_dim=\dimen277
\l_siunitx_table_model_prop=\toks81
\l_siunitx_table_space_dim=\dimen278
\l_siunitx_table_number_align_skip=\skip92
\l_siunitx_table_text_align_skip=\skip93
\l_siunitx_table_decimal_int=\count346
\l_siunitx_table_exponent_int=\count347
\l_siunitx_table_integer_int=\count348
\l_siunitx_table_uncert_int=\count349
 LaTeX info: Defining document command \ang
(LaTeX)  with arg. spec. 'o>{\SplitArgument {2}{;}}m' on line 6214.

 LaTeX info: Defining document command \num
(LaTeX)  with arg. spec. 'om' on line 6221.

 LaTeX info: Defining document command \numlist
(LaTeX)  with arg. spec. 'o>{\SplitList {;}}m' on line 6228.

 LaTeX info: Defining document command \numrange
(LaTeX)  with arg. spec. 'omm' on line 6235.

 LaTeX info: Defining document command \si
(LaTeX)  with arg. spec. 'om' on line 6245.

 LaTeX info: Defining document command \SIlist
(LaTeX)  with arg. spec. 'o>{\SplitList {;}}mm' on line 6255.

 LaTeX info: Defining document command \SIrange
(LaTeX)  with arg. spec. 'ommm' on line 6265.

 LaTeX info: Defining document command \SI
(LaTeX)  with arg. spec. 'omom' on line 6275.

 LaTeX info: Defining document command \sisetup
(LaTeX)  with arg. spec. 'm' on line 6278.

 LaTeX info: Defining document command \siunitx_bookmark_num:w
(LaTeX)  with arg. spec. 'om' on line 6314.

 LaTeX info: Defining document command \siunitx_bookmark_numrange:w
(LaTeX)  with arg. spec. 'omm' on line 6316.

 LaTeX info: Defining document command \siunitx_bookmark_si:w
(LaTeX)  with arg. spec. 'om' on line 6317.

 LaTeX info: Defining document command \siunitx_bookmark_SI:w
(LaTeX)  with arg. spec. 'omom' on line 6319.

 LaTeX info: Defining document command \siunitx_bookmark_SIrange:w
(LaTeX)  with arg. spec. 'ommm' on line 6321.

\g_ior_tmp_stream=\read2

(C:\CTEX\MiKTeX\tex\latex\beamer\base\translator\translator.sty
Package: translator 2010/06/12 ver 1.10

(C:\CTEX\MiKTeX\tex\latex\beamer\base\translator\translator-language-mappings.t
ex)))) (C:\CTEX\MiKTeX\tex\latex\algorithm2e\algorithm2e.sty
Invalid UTF-8 byte or sequence at line 322 replaced by U+FFFD.
Package: algorithm2e 2008/00/00 v3.10 algorithms environments
\c@AlgoLine=\count350
Invalid UTF-8 byte or sequence at line 778 replaced by U+FFFD.
Invalid UTF-8 byte or sequence at line 780 replaced by U+FFFD.

(C:\CTEX\MiKTeX\tex\latex\tools\xspace.sty
Package: xspace 2006/05/08 v1.12 Space after command names (DPC,MH)
)
(C:\CTEX\MiKTeX\tex\latex\ltxmisc\relsize.sty
Package: relsize 2003/07/04 ver 3.1
)
********************************************************
Package `algorithm2e' Release 4.01 -- december 14 2009 --
- algorithm2e-announce@lirmm.fr mailing list for announcement about releases
- algorithm2e-discussion@lirmm.fr mailing list for discussion about package
subscribe by emailing sympa@lirmm.fr with 'subscribe <list> <firstname name>'
- Author: Christophe Fiorio (fiorio@lirmm.fr)
********************************************************
\skiptotal=\skip94
\skiplinenumber=\skip95
\skiprule=\skip96
\skiphlne=\skip97
\skiptext=\skip98
\skiplength=\skip99
\algomargin=\skip100
\skipalgocfslide=\skip101
\algowidth=\dimen279
\inoutsize=\dimen280
\inoutline=\dimen281
\interspacetitleruled=\dimen282
\interspacealgoruled=\dimen283
\interspacetitleboxruled=\dimen284
\algocf@inoutbox=\box52
\algocf@inputbox=\box53
\AlCapSkip=\skip102
\AlCapHSkip=\skip103
\algocf@nlbox=\box54
\algocf@hangingbox=\box55
\algocf@capbox=\box56
\algoheightruledefault=\skip104
\algoheightrule=\skip105
\algotitleheightruledefault=\skip106
\algotitleheightrule=\skip107
\c@algocfline=\count351
\c@algocfproc=\count352
\c@algocf=\count353
\algocf@algoframe=\box57
\algocf@algobox=\box58
Invalid UTF-8 byte or sequence at line 2420 replaced by U+FFFD.
Invalid UTF-8 byte or sequence at line 2501 replaced by U+FFFD.
Invalid UTF-8 byte or sequence at line 2509 replaced by U+FFFD.
Invalid UTF-8 byte or sequence at line 2509 replaced by U+FFFD.
Invalid UTF-8 byte or sequence at line 2532 replaced by U+FFFD.
Invalid UTF-8 byte or sequence at line 2584 replaced by U+FFFD.
Invalid UTF-8 byte or sequence at line 2592 replaced by U+FFFD.
Invalid UTF-8 byte or sequence at line 2592 replaced by U+FFFD.
)

LaTeX Warning: Unused global option(s):
    [zihao=-4,space=auto].

(C:\Users\zxs\Desktop\BIT-Thesis\ÕÅ¾§¾§\demo.aux
(C:\Users\zxs\Desktop\BIT-Thesis\ÕÅ¾§¾§\chapters/abstract.aux)
(C:\Users\zxs\Desktop\BIT-Thesis\ÕÅ¾§¾§\chapters/chapter1.aux)
(C:\Users\zxs\Desktop\BIT-Thesis\ÕÅ¾§¾§\chapters/chapter2.aux

LaTeX Warning: Label `chap:intro' multiply defined.

) (C:\Users\zxs\Desktop\BIT-Thesis\ÕÅ¾§¾§\chapters/chapter3.aux

LaTeX Warning: Label `chap:intro' multiply defined.

) (C:\Users\zxs\Desktop\BIT-Thesis\ÕÅ¾§¾§\chapters/chapter4.aux

LaTeX Warning: Label `chap:intro' multiply defined.

) (C:\Users\zxs\Desktop\BIT-Thesis\ÕÅ¾§¾§\chapters/chapter5.aux)
(C:\Users\zxs\Desktop\BIT-Thesis\ÕÅ¾§¾§\chapters/conclusion.aux)
(C:\Users\zxs\Desktop\BIT-Thesis\ÕÅ¾§¾§\chapters/pub.aux)
(C:\Users\zxs\Desktop\BIT-Thesis\ÕÅ¾§¾§\chapters/thanks.aux))
LaTeX Font Info:    Checking defaults for OML/cmm/m/it on input line 24.
LaTeX Font Info:    ... okay on input line 24.
LaTeX Font Info:    Checking defaults for T1/cmr/m/n on input line 24.
LaTeX Font Info:    ... okay on input line 24.
LaTeX Font Info:    Checking defaults for OT1/cmr/m/n on input line 24.
LaTeX Font Info:    ... okay on input line 24.
LaTeX Font Info:    Checking defaults for OMS/cmsy/m/n on input line 24.
LaTeX Font Info:    ... okay on input line 24.
LaTeX Font Info:    Checking defaults for OMX/cmex/m/n on input line 24.
LaTeX Font Info:    ... okay on input line 24.
LaTeX Font Info:    Checking defaults for U/cmr/m/n on input line 24.
LaTeX Font Info:    ... okay on input line 24.
LaTeX Font Info:    Checking defaults for TS1/cmr/m/n on input line 24.
LaTeX Font Info:    ... okay on input line 24.
LaTeX Font Info:    Checking defaults for EU1/lmr/m/n on input line 24.
LaTeX Font Info:    ... okay on input line 24.
LaTeX Font Info:    Checking defaults for PD1/pdf/m/n on input line 24.
LaTeX Font Info:    ... okay on input line 24.
LaTeX Font Info:    Checking defaults for PU/pdf/m/n on input line 24.
LaTeX Font Info:    ... okay on input line 24.
 fontspec info: Adjusting the maths setup (use [no-math] to avoid this).

\symlegacymaths=\mathgroup11
LaTeX Font Info:    Overwriting symbol font `legacymaths' in version `bold'
(Font)                  OT1/cmr/m/n --> OT1/cmr/bx/n on input line 24.
LaTeX Font Info:    Redeclaring math accent \acute on input line 24.
LaTeX Font Info:    Redeclaring math accent \grave on input line 24.
LaTeX Font Info:    Redeclaring math accent \ddot on input line 24.
LaTeX Font Info:    Redeclaring math accent \tilde on input line 24.
LaTeX Font Info:    Redeclaring math accent \bar on input line 24.
LaTeX Font Info:    Redeclaring math accent \breve on input line 24.
LaTeX Font Info:    Redeclaring math accent \check on input line 24.
LaTeX Font Info:    Redeclaring math accent \hat on input line 24.
LaTeX Font Info:    Redeclaring math accent \dot on input line 24.
LaTeX Font Info:    Redeclaring math accent \mathring on input line 24.
LaTeX Font Info:    Redeclaring math symbol \Gamma on input line 24.
LaTeX Font Info:    Redeclaring math symbol \Delta on input line 24.
LaTeX Font Info:    Redeclaring math symbol \Theta on input line 24.
LaTeX Font Info:    Redeclaring math symbol \Lambda on input line 24.
LaTeX Font Info:    Redeclaring math symbol \Xi on input line 24.
LaTeX Font Info:    Redeclaring math symbol \Pi on input line 24.
LaTeX Font Info:    Redeclaring math symbol \Sigma on input line 24.
LaTeX Font Info:    Redeclaring math symbol \Upsilon on input line 24.
LaTeX Font Info:    Redeclaring math symbol \Phi on input line 24.
LaTeX Font Info:    Redeclaring math symbol \Psi on input line 24.
LaTeX Font Info:    Redeclaring math symbol \Omega on input line 24.
LaTeX Font Info:    Redeclaring math symbol \mathdollar on input line 24.
LaTeX Font Info:    Redeclaring symbol font `operators' on input line 24.
LaTeX Font Info:    Encoding `OT1' has changed to `EU1' for symbol font
(Font)              `operators' in the math version `normal' on input line 24.
LaTeX Font Info:    Overwriting symbol font `operators' in version `normal'
(Font)                  OT1/cmr/m/n --> EU1/TimesNewRoman(0)/m/n on input line 
24.
LaTeX Font Info:    Encoding `OT1' has changed to `EU1' for symbol font
(Font)              `operators' in the math version `bold' on input line 24.
LaTeX Font Info:    Overwriting symbol font `operators' in version `bold'
(Font)                  OT1/cmr/bx/n --> EU1/TimesNewRoman(0)/m/n on input line
 24.
LaTeX Font Info:    Overwriting symbol font `operators' in version `normal'
(Font)                  EU1/TimesNewRoman(0)/m/n --> EU1/TimesNewRoman(0)/m/n o
n input line 24.
LaTeX Font Info:    Overwriting math alphabet `\mathrm' in version `normal'
(Font)                  EU1/TimesNewRoman(0)/m/n --> EU1/TimesNewRoman(0)/m/n o
n input line 24.
LaTeX Font Info:    Overwriting math alphabet `\mathit' in version `normal'
(Font)                  OT1/cmr/m/it --> EU1/TimesNewRoman(0)/m/it on input lin
e 24.
LaTeX Font Info:    Overwriting math alphabet `\mathbf' in version `normal'
(Font)                  OT1/cmr/bx/n --> EU1/TimesNewRoman(0)/bx/n on input lin
e 24.
LaTeX Font Info:    Overwriting math alphabet `\mathsf' in version `normal'
(Font)                  OT1/cmss/m/n --> EU1/Arial(0)/m/n on input line 24.
LaTeX Font Info:    Overwriting math alphabet `\mathtt' in version `normal'
(Font)                  OT1/cmtt/m/n --> EU1/CourierNew(0)/m/n on input line 24
.
LaTeX Font Info:    Overwriting symbol font `operators' in version `bold'
(Font)                  EU1/TimesNewRoman(0)/m/n --> EU1/TimesNewRoman(0)/bx/n 
on input line 24.
LaTeX Font Info:    Overwriting math alphabet `\mathrm' in version `bold'
(Font)                  EU1/TimesNewRoman(0)/m/n --> EU1/TimesNewRoman(0)/bx/n 
on input line 24.
LaTeX Font Info:    Overwriting math alphabet `\mathit' in version `bold'
(Font)                  OT1/cmr/bx/it --> EU1/TimesNewRoman(0)/bx/it on input l
ine 24.
LaTeX Font Info:    Overwriting math alphabet `\mathsf' in version `bold'
(Font)                  OT1/cmss/bx/n --> EU1/Arial(0)/bx/n on input line 24.
LaTeX Font Info:    Overwriting math alphabet `\mathtt' in version `bold'
(Font)                  OT1/cmtt/m/n --> EU1/CourierNew(0)/bx/n on input line 2
4.

ABD: EveryShipout initializing macros
*geometry* detected driver: pdftex
*geometry* verbose mode - [ preamble ] result:
* driver: pdftex
* paper: a4paper
* layout: <same size as paper>
* layoutoffset:(h,v)=(0.0pt,0.0pt)
* modes: 
* h-part:(L,W,R)=(76.82234pt, 443.86319pt, 76.82234pt)
* v-part:(T,H,B)=(99.58464pt, 674.33032pt, 71.13188pt)
* \paperwidth=597.50787pt
* \paperheight=845.04684pt
* \textwidth=443.86319pt
* \textheight=674.33032pt
* \oddsidemargin=4.55235pt
* \evensidemargin=4.55235pt
* \topmargin=-19.20558pt
* \headheight=28.45274pt
* \headsep=18.06749pt
* \topskip=10.0pt
* \footskip=19.91684pt
* \marginparwidth=61.0pt
* \marginparsep=7.0pt
* \columnsep=10.0pt
* \skip\footins=9.0pt plus 4.0pt minus 2.0pt
* \hoffset=0.0pt
* \voffset=0.0pt
* \mag=1000
* \@twocolumnfalse
* \@twosidefalse
* \@mparswitchfalse
* \@reversemarginfalse
* (1in=72.27pt=25.4mm, 1cm=28.453pt)

Package caption Info: Begin \AtBeginDocument code.
Package caption Info: hyperref package is loaded.
Package caption Info: listings package is loaded.
Package caption Info: End \AtBeginDocument code.
\c@lstlisting=\count354
\AtBeginShipoutBox=\box59
Package hyperref Info: Link coloring ON on input line 24.
(C:\CTEX\MiKTeX\tex\latex\hyperref\nameref.sty
Package: nameref 2010/04/30 v2.40 Cross-referencing by name of section

(C:\CTEX\MiKTeX\tex\latex\oberdiek\refcount.sty
Package: refcount 2008/08/11 v3.1 Data extraction from references (HO)
)
(C:\CTEX\MiKTeX\tex\generic\oberdiek\gettitlestring.sty
Package: gettitlestring 2009/12/18 v1.3 Cleanup title references (HO)
)
\c@section@level=\count355
)
LaTeX Info: Redefining \ref on input line 24.
LaTeX Info: Redefining \pageref on input line 24.
LaTeX Info: Redefining \nameref on input line 24.

(C:\Users\zxs\Desktop\BIT-Thesis\ÕÅ¾§¾§\demo.out)
(C:\Users\zxs\Desktop\BIT-Thesis\ÕÅ¾§¾§\demo.out)
\@outlinefile=\write4

(C:\CTEX\MiKTeX\tex\latex\beamer\base\translator\dicts\translator-basic-diction
ary\translator-basic-dictionary-English.dict
Dictionary: translator-basic-dictionary, Language: English 
)
\c_siunitx_mathsf_int=\count356
Requested font "Times New Roman/ICU:script=latn;language=DFLT;mapping=tex-text;
;" at 7.0pt
 -> C:/Windows/Fonts/times.ttf
Unknown feature `' in font `Times New Roman'.
Requested font "Times New Roman/ICU:script=latn;language=DFLT;mapping=tex-text;
;" at 5.0pt
 -> C:/Windows/Fonts/times.ttf
Unknown feature `' in font `Times New Roman'.
Requested font "cmmi10" at 10.54pt
 -> cmmi10
Requested font "cmsy10" at 10.54pt
 -> cmsy10
Requested font "cmex10" at 10.54pt
 -> cmex10
Requested font "cmex7" at 7.0pt
 -> cmex7
Requested font "cmex7" at 5.0pt
 -> cmex7
LaTeX Font Info:    Try loading font information for U+msa on input line 24.

(C:\CTEX\MiKTeX\tex\latex\amsfonts\umsa.fd
File: umsa.fd 2009/06/22 v3.00 AMS symbols A
)
Requested font "msam10" at 10.54pt
 -> msam10
Requested font "msam7" at 7.0pt
 -> msam7
Requested font "msam5" at 5.0pt
 -> msam5
LaTeX Font Info:    Try loading font information for U+msb on input line 24.

(C:\CTEX\MiKTeX\tex\latex\amsfonts\umsb.fd
File: umsb.fd 2009/06/22 v3.00 AMS symbols B
)
Requested font "msbm10" at 10.54pt
 -> msbm10
Requested font "msbm7" at 7.0pt
 -> msbm7
Requested font "msbm5" at 5.0pt
 -> msbm5
Requested font "cmbx10" at 10.54pt
 -> cmbx10
Requested font "cmbx7" at 7.0pt
 -> cmbx7
Requested font "cmbx5" at 5.0pt
 -> cmbx5
Requested font "cmmib10" at 10.54pt
 -> cmmib10
Requested font "cmmib7" at 7.0pt
 -> cmmib7
Requested font "cmmib5" at 5.0pt
 -> cmmib5
Requested font "cmbsy10" at 10.54pt
 -> cmbsy10
Requested font "cmbsy7" at 7.0pt
 -> cmbsy7
Requested font "cmbsy5" at 5.0pt
 -> cmbsy5
LaTeX Font Info:    Try loading font information for U+rsfs on input line 24.

(C:\CTEX\MiKTeX\tex\latex\jknappen\ursfs.fd
File: ursfs.fd 1998/03/24 rsfs font definition file (jk)
)

LaTeX Font Warning: Font shape `U/rsfs/m/n' in size <10.54> not available
(Font)              size <10.95> substituted on input line 24.

Requested font "rsfs10" at 10.95pt
 -> rsfs10
Requested font "rsfs7" at 7.0pt
 -> rsfs7
Requested font "rsfs5" at 5.0pt
 -> rsfs5
Requested font "eurm10" at 10.54pt
 -> eurm10
Requested font "eurm7" at 7.0pt
 -> eurm7
Requested font "eurm5" at 5.0pt
 -> eurm5
Requested font "cmr10" at 10.54pt
 -> cmr10
Requested font "Arial/ICU:script=latn;language=DFLT;mapping=tex-text;;" at 10.5
4pt
 -> C:/Windows/Fonts/arial.ttf
Unknown feature `' in font `Arial'.
Requested font "Arial/ICU:script=latn;language=DFLT;mapping=tex-text;;" at 7.0p
t
 -> C:/Windows/Fonts/arial.ttf
Unknown feature `' in font `Arial'.
Requested font "Arial/ICU:script=latn;language=DFLT;mapping=tex-text;;" at 5.0p
t
 -> C:/Windows/Fonts/arial.ttf
Unknown feature `' in font `Arial'.
\c_siunitx_mathtt_int=\count357
Requested font "Courier New/ICU:script=latn;language=DFLT;mapping=tex-text;;" a
t 10.54pt
 -> C:/Windows/Fonts/cour.ttf
Unknown feature `' in font `Courier New'.
Requested font "Courier New/ICU:script=latn;language=DFLT;mapping=tex-text;;" a
t 7.0pt
 -> C:/Windows/Fonts/cour.ttf
Unknown feature `' in font `Courier New'.
Requested font "Courier New/ICU:script=latn;language=DFLT;mapping=tex-text;;" a
t 5.0pt
 -> C:/Windows/Fonts/cour.ttf
Unknown feature `' in font `Courier New'.
 fontspec info: Font SimSun does not contain any OpenType `Script' information.


 fontspec info: Defining font family 'SimSun(1)' for font 'SimSun' with options
 [Ligatures=TeX,BoldFont={SimSun},BoldFeatures={RawFeature={embolden=4}}].

\g_fontspec_SimSun(1)_prop=\toks82
 fontspec info: Defining shape 'normal' with NFSS spec.:
(fontspec)  <->"SimSun/ICU:mapping=tex-text;;"

 fontspec info: Defining shape 'bold' with NFSS spec.:
(fontspec)  <->"SimSun/ICU:mapping=tex-text;;embolden=4;;"

Requested font "SimSun/I/ICU" at 10.54pt
 -> C:/CTEX/CTeX/fonts/truetype/chinese/simsun.ttf
 fontspec info: Could not resolve font SimSun/I (it probably doesn't exist).

Requested font "SimSun/I/ICU" at 10.54pt
 -> C:/CTEX/CTeX/fonts/truetype/chinese/simsun.ttf
 fontspec info: Could not resolve font SimSun/I (it probably doesn't exist).

(C:\CTEX\MiKTeX\tex\generic\oberdiek\se-ascii-print.def
File: se-ascii-print.def 2010/03/01 v1.8 stringenc: Printable ASCII characters
) [1

]
Requested font "Times New Roman/ICU:script=latn;language=DFLT;mapping=tex-text;
;" at 18.07pt
 -> C:/Windows/Fonts/times.ttf
Unknown feature `' in font `Times New Roman'.
Requested font "SimHei" at 18.07pt
 -> C:/Windows/Fonts/simhei.ttf
Requested font "SimHei/ICU" at 18.07pt
 -> C:/Windows/Fonts/simhei.ttf
 fontspec info: Font SimHei does not contain any OpenType `Script' information.


\g_fontspec_family_SimHei_int=\count358
 fontspec info: Defining font family 'SimHei(0)' for font 'SimHei' with options
 [Ligatures=TeX,BoldFont={SimHei},BoldFeatures={RawFeature={embolden=4}}].

\g_fontspec_SimHei(0)_prop=\toks83
 fontspec info: Defining shape 'normal' with NFSS spec.:
(fontspec)  <->"SimHei/ICU:mapping=tex-text;;"

 fontspec info: Defining shape 'bold' with NFSS spec.:
(fontspec)  <->"SimHei/ICU:mapping=tex-text;;embolden=4;;"

Requested font "SimHei/I/ICU" at 18.07pt
 -> C:/Windows/Fonts/simhei.ttf
 fontspec info: Could not resolve font SimHei/I (it probably doesn't exist).

Requested font "SimHei/I/ICU" at 18.07pt
 -> C:/Windows/Fonts/simhei.ttf
 fontspec info: Could not resolve font SimHei/I (it probably doesn't exist).

Requested font "SimHei/ICU:mapping=tex-text;;" at 18.07pt
 -> C:/Windows/Fonts/simhei.ttf
Unknown feature `' in font `SimHei'.
Requested font "Times New Roman/ICU:script=latn;language=DFLT;mapping=tex-text;
;" at 12.05pt
 -> C:/Windows/Fonts/times.ttf
Unknown feature `' in font `Times New Roman'.
Requested font "SimHei" at 12.05pt
 -> C:/Windows/Fonts/simhei.ttf
Requested font "SimHei/ICU" at 12.05pt
 -> C:/Windows/Fonts/simhei.ttf
 fontspec info: Font SimHei does not contain any OpenType `Script' information.


Requested font "SimHei/ICU:mapping=tex-text;;" at 12.05pt
 -> C:/Windows/Fonts/simhei.ttf
Unknown feature `' in font `SimHei'.
Requested font "Times New Roman/ICU:script=latn;language=DFLT;mapping=tex-text;
;" at 14.05pt
 -> C:/Windows/Fonts/times.ttf
Unknown feature `' in font `Times New Roman'.
Requested font "SimSun" at 14.05pt
 -> C:/CTEX/CTeX/fonts/truetype/chinese/simsun.ttf
Requested font "SimSun/ICU" at 14.05pt
 -> C:/CTEX/CTeX/fonts/truetype/chinese/simsun.ttf
 fontspec info: Font SimSun does not contain any OpenType `Script' information.


Requested font "SimSun/ICU:mapping=tex-text;;" at 14.05pt
 -> C:/CTEX/CTeX/fonts/truetype/chinese/simsun.ttf
Unknown feature `' in font `SimSun'.
 [2


]
Requested font "SimHei" at 10.54pt
 -> C:/Windows/Fonts/simhei.ttf
 fontspec info: Font SimHei does not contain any OpenType `Script' information.


Requested font "SimHei/ICU:mapping=tex-text;;" at 10.54pt
 -> C:/Windows/Fonts/simhei.ttf
Unknown feature `' in font `SimHei'.
Requested font "Times New Roman/ICU:script=latn;language=DFLT;mapping=tex-text;
;" at 15.06pt
 -> C:/Windows/Fonts/times.ttf
Unknown feature `' in font `Times New Roman'.
Requested font "Times New Roman/ICU:script=latn;language=DFLT;mapping=tex-text;
;" at 9.03pt
 -> C:/Windows/Fonts/times.ttf
Unknown feature `' in font `Times New Roman'.
Requested font "cmmi12" at 15.06pt
 -> cmmi12
Requested font "cmmi12" at 12.05pt
 -> cmmi12
Requested font "cmmi9" at 9.03pt
 -> cmmi9
Requested font "cmsy10" at 15.06pt
 -> cmsy10
Requested font "cmsy10" at 12.05pt
 -> cmsy10
Requested font "cmsy9" at 9.03pt
 -> cmsy9
Requested font "cmex10" at 15.06pt
 -> cmex10
Requested font "cmex10" at 12.05pt
 -> cmex10
Requested font "cmex9" at 9.03pt
 -> cmex9
Requested font "Arial/ICU:script=latn;language=DFLT;mapping=tex-text;;" at 15.0
6pt
 -> C:/Windows/Fonts/arial.ttf
Unknown feature `' in font `Arial'.
Requested font "Arial/ICU:script=latn;language=DFLT;mapping=tex-text;;" at 12.0
5pt
 -> C:/Windows/Fonts/arial.ttf
Unknown feature `' in font `Arial'.
Requested font "Arial/ICU:script=latn;language=DFLT;mapping=tex-text;;" at 9.03
pt
 -> C:/Windows/Fonts/arial.ttf
Unknown feature `' in font `Arial'.
Requested font "Courier New/ICU:script=latn;language=DFLT;mapping=tex-text;;" a
t 15.06pt
 -> C:/Windows/Fonts/cour.ttf
Unknown feature `' in font `Courier New'.
Requested font "Courier New/ICU:script=latn;language=DFLT;mapping=tex-text;;" a
t 12.05pt
 -> C:/Windows/Fonts/cour.ttf
Unknown feature `' in font `Courier New'.
Requested font "Courier New/ICU:script=latn;language=DFLT;mapping=tex-text;;" a
t 9.03pt
 -> C:/Windows/Fonts/cour.ttf
Unknown feature `' in font `Courier New'.
Requested font "msam10" at 15.06pt
 -> msam10
Requested font "msam10" at 12.05pt
 -> msam10
Requested font "msam10" at 9.03pt
 -> msam10
Requested font "msbm10" at 15.06pt
 -> msbm10
Requested font "msbm10" at 12.05pt
 -> msbm10
Requested font "msbm10" at 9.03pt
 -> msbm10
Requested font "cmbx12" at 15.06pt
 -> cmbx12
Requested font "cmbx12" at 12.05pt
 -> cmbx12
Requested font "cmbx9" at 9.03pt
 -> cmbx9
Requested font "cmmib10" at 15.06pt
 -> cmmib10
Requested font "cmmib10" at 12.05pt
 -> cmmib10
Requested font "cmmib10" at 9.03pt
 -> cmmib10
Requested font "cmbsy10" at 15.06pt
 -> cmbsy10
Requested font "cmbsy10" at 12.05pt
 -> cmbsy10
Requested font "cmbsy10" at 9.03pt
 -> cmbsy10


LaTeX Font Warning: Font shape `U/rsfs/m/n' in size <15.06> not available
(Font)              size <14.4> substituted on input line 70.

Requested font "rsfs10" at 14.4pt
 -> rsfs10
Requested font "rsfs10" at 12.0pt
 -> rsfs10
Requested font "rsfs10" at 9.0pt
 -> rsfs10
Requested font "eurm10" at 15.06pt
 -> eurm10
Requested font "eurm10" at 12.05pt
 -> eurm10
Requested font "eurm10" at 9.03pt
 -> eurm10
Requested font "cmr12" at 15.06pt
 -> cmr12
Requested font "cmr12" at 12.05pt
 -> cmr12
Requested font "cmr9" at 9.03pt
 -> cmr9
Requested font "SimHei" at 15.06pt
 -> C:/Windows/Fonts/simhei.ttf
Requested font "SimHei/ICU" at 15.06pt
 -> C:/Windows/Fonts/simhei.ttf
 fontspec info: Font SimHei does not contain any OpenType `Script' information.


Requested font "SimHei/ICU:mapping=tex-text;;" at 15.06pt
 -> C:/Windows/Fonts/simhei.ttf
Unknown feature `' in font `SimHei'.
[3



]
Requested font "Times New Roman/B/ICU:script=latn;language=DFLT;mapping=tex-tex
t;;" at 18.07pt
 -> C:/Windows/Fonts/timesbd.ttf
Unknown feature `' in font `Times New Roman Bold'.
Requested font "Times New Roman/B/ICU:script=latn;language=DFLT;mapping=tex-tex
t;;" at 12.05pt
 -> C:/Windows/Fonts/timesbd.ttf
Unknown feature `' in font `Times New Roman Bold'.
Requested font "SimSun" at 12.05pt
 -> C:/CTEX/CTeX/fonts/truetype/chinese/simsun.ttf
Requested font "SimSun/ICU" at 12.05pt
 -> C:/CTEX/CTeX/fonts/truetype/chinese/simsun.ttf
 fontspec info: Font SimSun does not contain any OpenType `Script' information.



Overfull \hbox (7.21472pt too wide) detected at line 73
 \EU1/TimesNewRoman(0)/m/n/15.06 Computer Science and Technology 
 []

[4



]
Requested font "Times New Roman/ICU:script=latn;language=DFLT;mapping=tex-text;
;" at 16.06pt
 -> C:/Windows/Fonts/times.ttf
Unknown feature `' in font `Times New Roman'.
Requested font "SimHei" at 16.06pt
 -> C:/Windows/Fonts/simhei.ttf
Requested font "SimHei/ICU" at 16.06pt
 -> C:/Windows/Fonts/simhei.ttf
 fontspec info: Font SimHei does not contain any OpenType `Script' information.


Requested font "SimHei/ICU:mapping=tex-text;;" at 16.06pt
 -> C:/Windows/Fonts/simhei.ttf
Unknown feature `' in font `SimHei'.
Requested font "Times New Roman/ICU:script=latn;language=DFLT;mapping=tex-text;
;" at 8.0pt
 -> C:/Windows/Fonts/times.ttf
Unknown feature `' in font `Times New Roman'.
Requested font "Times New Roman/ICU:script=latn;language=DFLT;mapping=tex-text;
;" at 6.0pt
 -> C:/Windows/Fonts/times.ttf
Unknown feature `' in font `Times New Roman'.
Requested font "cmmi8" at 8.0pt
 -> cmmi8
Requested font "cmmi6" at 6.0pt
 -> cmmi6
Requested font "cmsy8" at 8.0pt
 -> cmsy8
Requested font "cmsy6" at 6.0pt
 -> cmsy6
Requested font "cmex8" at 8.0pt
 -> cmex8
Requested font "cmex7" at 6.0pt
 -> cmex7
Requested font "Arial/ICU:script=latn;language=DFLT;mapping=tex-text;;" at 8.0p
t
 -> C:/Windows/Fonts/arial.ttf
Unknown feature `' in font `Arial'.
Requested font "Arial/ICU:script=latn;language=DFLT;mapping=tex-text;;" at 6.0p
t
 -> C:/Windows/Fonts/arial.ttf
Unknown feature `' in font `Arial'.
Requested font "Courier New/ICU:script=latn;language=DFLT;mapping=tex-text;;" a
t 8.0pt
 -> C:/Windows/Fonts/cour.ttf
Unknown feature `' in font `Courier New'.
Requested font "Courier New/ICU:script=latn;language=DFLT;mapping=tex-text;;" a
t 6.0pt
 -> C:/Windows/Fonts/cour.ttf
Unknown feature `' in font `Courier New'.
Requested font "msam10" at 8.0pt
 -> msam10
Requested font "msam7" at 6.0pt
 -> msam7
Requested font "msbm10" at 8.0pt
 -> msbm10
Requested font "msbm7" at 6.0pt
 -> msbm7
Requested font "cmbx8" at 8.0pt
 -> cmbx8
Requested font "cmbx6" at 6.0pt
 -> cmbx6
Requested font "cmmib10" at 8.0pt
 -> cmmib10
Requested font "cmmib7" at 6.0pt
 -> cmmib7
Requested font "cmbsy10" at 8.0pt
 -> cmbsy10
Requested font "cmbsy7" at 6.0pt
 -> cmbsy7
Requested font "rsfs10" at 8.0pt
 -> rsfs10
Requested font "rsfs5" at 6.0pt
 -> rsfs5
Requested font "eurm10" at 8.0pt
 -> eurm10
Requested font "eurm7" at 6.0pt
 -> eurm7
Requested font "cmr8" at 8.0pt
 -> cmr8
Requested font "cmr6" at 6.0pt
 -> cmr6

Overfull \hbox (5.52pt too wide) in paragraph at lines 75--75
[]\zhhei/m/n/16.06 流
 []


Overfull \hbox (5.52pt too wide) in paragraph at lines 75--75
\zhhei/m/n/16.06 式
 []


Overfull \hbox (5.52pt too wide) in paragraph at lines 75--75
\zhhei/m/n/16.06 数
 []


Overfull \hbox (5.52pt too wide) in paragraph at lines 75--75
\zhhei/m/n/16.06 据
 []


Overfull \hbox (5.52pt too wide) in paragraph at lines 75--75
\zhhei/m/n/16.06 快
 []


Overfull \hbox (5.52pt too wide) in paragraph at lines 75--75
\zhhei/m/n/16.06 速
 []


Overfull \hbox (5.52pt too wide) in paragraph at lines 75--75
\zhhei/m/n/16.06 处
 []


Overfull \hbox (5.52pt too wide) in paragraph at lines 75--75
\zhhei/m/n/16.06 理
 []


Overfull \hbox (5.52pt too wide) in paragraph at lines 75--75
\zhhei/m/n/16.06 与
 []


Overfull \hbox (5.52pt too wide) in paragraph at lines 75--75
\zhhei/m/n/16.06 分
 []


Overfull \hbox (5.52pt too wide) in paragraph at lines 75--75
\zhhei/m/n/16.06 析
 []


Overfull \hbox (5.52pt too wide) in paragraph at lines 75--75
\zhhei/m/n/16.06 方
 []


Overfull \hbox (5.52pt too wide) in paragraph at lines 75--75
\zhhei/m/n/16.06 法
 []


Overfull \hbox (5.52pt too wide) in paragraph at lines 75--75
\zhhei/m/n/16.06 研
 []


Overfull \hbox (5.52pt too wide) in paragraph at lines 75--75
\zhhei/m/n/16.06 究 
 []


Underfull \hbox (badness 10000) in paragraph at lines 75--75
\OMS/cmsy/m/n/12.05 j$
 []


Overfull \hbox (1.51001pt too wide) in paragraph at lines 75--75
\rm/bx/n/12.05 以
 []


Overfull \hbox (1.51001pt too wide) in paragraph at lines 75--75
\rm/bx/n/12.05 异
 []


Overfull \hbox (1.51001pt too wide) in paragraph at lines 75--75
\rm/bx/n/12.05 常
 []


Overfull \hbox (1.51001pt too wide) in paragraph at lines 75--75
\rm/bx/n/12.05 数
 []


Overfull \hbox (1.51001pt too wide) in paragraph at lines 75--75
\rm/bx/n/12.05 据
 []


Overfull \hbox (1.51001pt too wide) in paragraph at lines 75--75
\rm/bx/n/12.05 检
 []


Overfull \hbox (1.51001pt too wide) in paragraph at lines 75--75
\rm/bx/n/12.05 测
 []


Overfull \hbox (1.51001pt too wide) in paragraph at lines 75--75
\rm/bx/n/12.05 和
 []


Overfull \hbox (1.51001pt too wide) in paragraph at lines 75--75
\rm/bx/n/12.05 数
 []


Overfull \hbox (1.51001pt too wide) in paragraph at lines 75--75
\rm/bx/n/12.05 据
 []


Overfull \hbox (1.51001pt too wide) in paragraph at lines 75--75
\rm/bx/n/12.05 压
 []


Overfull \hbox (1.51001pt too wide) in paragraph at lines 75--75
\rm/bx/n/12.05 缩
 []


Overfull \hbox (1.51001pt too wide) in paragraph at lines 75--75
\rm/bx/n/12.05 为
 []


Overfull \hbox (1.51pt too wide) in paragraph at lines 75--75
\rm/bx/n/12.05 例
 []


Underfull \hbox (badness 10000) in paragraph at lines 75--75

 []


Overfull \hbox (5.52pt too wide) in paragraph at lines 75--75
[]\zhhei/m/n/16.06 北
 []


Overfull \hbox (5.52pt too wide) in paragraph at lines 75--75
\zhhei/m/n/16.06 京
 []


Overfull \hbox (5.52pt too wide) in paragraph at lines 75--75
\zhhei/m/n/16.06 理
 []


Overfull \hbox (5.52pt too wide) in paragraph at lines 75--75
\zhhei/m/n/16.06 工
 []


Overfull \hbox (5.52pt too wide) in paragraph at lines 75--75
\zhhei/m/n/16.06 大
 []


Overfull \hbox (5.52pt too wide) in paragraph at lines 75--75
\zhhei/m/n/16.06 学 
 []

[5



]
Requested font "Times New Roman/B/ICU:script=latn;language=DFLT;mapping=tex-tex
t;;" at 10.54pt
 -> C:/Windows/Fonts/timesbd.ttf
Unknown feature `' in font `Times New Roman Bold'.
Requested font "Times New Roman/B/ICU:script=latn;language=DFLT;mapping=tex-tex
t;;" at 16.06pt
 -> C:/Windows/Fonts/timesbd.ttf
Unknown feature `' in font `Times New Roman Bold'.
Requested font "SimSun" at 16.06pt
 -> C:/CTEX/CTeX/fonts/truetype/chinese/simsun.ttf
Requested font "SimSun/ICU" at 16.06pt
 -> C:/CTEX/CTeX/fonts/truetype/chinese/simsun.ttf
 fontspec info: Font SimSun does not contain any OpenType `Script' information.


 fontspec info: Font SimSun does not contain any OpenType `Script' information.


 [6



