\BOOKMARK [0][-]{statement.0}{\376\377\130\360\146\016}{}% 1
\BOOKMARK [0][-]{chapter*.1}{\376\377\144\130\211\201}{}% 2
\BOOKMARK [0][-]{chapter*.2}{\376\377\000A\000b\000s\000t\000r\000a\000c\000t}{}% 3
\BOOKMARK [0][-]{bittoc.0}{\376\377\166\356\137\125}{}% 4
\BOOKMARK [0][-]{chapter.1}{\376\377\173\054\0001\172\340\000\040\000\040\176\352\213\272}{}% 5
\BOOKMARK [1][-]{section.1.1}{\376\377\0001\000.\0001\000\040\170\024\172\166\200\314\146\157}{chapter.1}% 6
\BOOKMARK [1][-]{section.1.2}{\376\377\0001\000.\0002\000\040\126\375\121\205\131\026\170\024\172\166\163\260\162\266\123\312\123\321\134\125\215\213\122\277}{chapter.1}% 7
\BOOKMARK [1][-]{section.1.3}{\376\377\0001\000.\0003\000\040\147\054\145\207\170\024\172\166\121\205\133\271}{chapter.1}% 8
\BOOKMARK [1][-]{section.1.4}{\376\377\0001\000.\0004\000\040\213\272\145\207\176\323\147\204}{chapter.1}% 9
\BOOKMARK [2][-]{subsection.1.4.1}{\376\377\0001\000.\0004\000.\0001\000\040\137\142\162\266\213\260\137\306\200\132\154\050\221\157\166\204\137\142\162\266\213\260\137\306\147\072\164\006}{section.1.4}% 10
\BOOKMARK [2][-]{subsection.1.4.2}{\376\377\0001\000.\0004\000.\0002\000\040\137\142\162\266\213\260\137\306\200\132\154\050\221\157\166\204\170\024\172\166\217\333\134\125}{section.1.4}% 11
\BOOKMARK [2][-]{subsection.1.4.3}{\376\377\0001\000.\0004\000.\0003\000\040\154\064\174\373\200\132\154\050\221\157\123\312\200\132\154\050\221\157\145\164\164\006\122\102}{section.1.4}% 12
\BOOKMARK [0][-]{chapter.2}{\376\377\173\054\0002\172\340\000\040\000\040\166\370\121\163\135\345\117\134}{}% 13
\BOOKMARK [1][-]{section.2.1}{\376\377\0002\000.\0001\000\040\172\013\136\217\227\131\140\001\122\006\147\220\142\200\147\057}{chapter.2}% 14
\BOOKMARK [1][-]{section.2.2}{\376\377\0002\000.\0002\000\040\172\013\136\217\122\250\140\001\155\113\213\325\142\200\147\057}{chapter.2}% 15
\BOOKMARK [1][-]{section.2.3}{\376\377\0002\000.\0003\000\040\116\343\170\001\177\072\226\167\150\300\155\113\135\345\121\167\116\313\176\315}{chapter.2}% 16
\BOOKMARK [1][-]{section.2.4}{\376\377\0002\000.\0004\000\040\155\361\136\246\133\146\116\140\142\200\147\057\127\050\217\157\116\366\133\211\121\150\230\206\127\337\166\204\136\224\165\050}{chapter.2}% 17
\BOOKMARK [0][-]{chapter*.7}{\376\377\176\323\213\272}{}% 18
\BOOKMARK [0][-]{chapter*.8}{\376\377\123\302\200\003\145\207\163\056}{}% 19
\BOOKMARK [0][-]{appendix.A}{\376\377\226\104\137\125\000\040\000A\000\040\000\040\000*\000*\000*}{}% 20
\BOOKMARK [0][-]{appendix*.9}{\376\377\145\073\213\373\133\146\117\115\147\037\225\364\123\321\210\150\213\272\145\207\116\016\170\024\172\166\142\020\147\234\156\005\123\125}{}% 21
\BOOKMARK [0][-]{appendix*.10}{\376\377\201\364\214\042}{}% 22
\BOOKMARK [0][-]{appendix*.11}{\376\377\117\134\200\005\173\200\116\313}{}% 23
